Connecting to database specified by database.yml
Connecting to database specified by database.yml
Connecting to database specified by database.yml
Connecting to database specified by database.yml


Started HEAD "/" for 127.0.0.1 at 2012-09-03 22:44:13 -0300


Started GET "/" for 127.0.0.1 at 2012-09-03 22:44:13 -0300
Processing by HomeController#index as HTML
Processing by HomeController#index as HTML
PG::Error: ERRO:  relação "users" não existe
LINE 4:              WHERE a.attrelid = '"users"'::regclass
                                        ^
:             SELECT a.attname, format_type(a.atttypid, a.atttypmod), d.adsrc, a.attnotnull
              FROM pg_attribute a LEFT JOIN pg_attrdef d
                ON a.attrelid = d.adrelid AND a.attnum = d.adnum
             WHERE a.attrelid = '"users"'::regclass
               AND a.attnum > 0 AND NOT a.attisdropped
             ORDER BY a.attnum

Completed 500 Internal Server Error in 275ms

ActiveRecord::StatementInvalid (PG::Error: ERRO:  relação "users" não existe
LINE 4:              WHERE a.attrelid = '"users"'::regclass
                                        ^
:             SELECT a.attname, format_type(a.atttypid, a.atttypmod), d.adsrc, a.attnotnull
              FROM pg_attribute a LEFT JOIN pg_attrdef d
                ON a.attrelid = d.adrelid AND a.attnum = d.adnum
             WHERE a.attrelid = '"users"'::regclass
               AND a.attnum > 0 AND NOT a.attisdropped
             ORDER BY a.attnum
):
  app/controllers/home_controller.rb:3:in `index'


PG::Error: ERRO:  relação "users" não existe
LINE 4:              WHERE a.attrelid = '"users"'::regclass
                                        ^
:             SELECT a.attname, format_type(a.atttypid, a.atttypmod), d.adsrc, a.attnotnull
              FROM pg_attribute a LEFT JOIN pg_attrdef d
                ON a.attrelid = d.adrelid AND a.attnum = d.adnum
             WHERE a.attrelid = '"users"'::regclass
               AND a.attnum > 0 AND NOT a.attisdropped
             ORDER BY a.attnum

Completed 500 Internal Server Error in 341ms

ActiveRecord::StatementInvalid (PG::Error: ERRO:  relação "users" não existe
LINE 4:              WHERE a.attrelid = '"users"'::regclass
                                        ^
:             SELECT a.attname, format_type(a.atttypid, a.atttypmod), d.adsrc, a.attnotnull
              FROM pg_attribute a LEFT JOIN pg_attrdef d
                ON a.attrelid = d.adrelid AND a.attnum = d.adnum
             WHERE a.attrelid = '"users"'::regclass
               AND a.attnum > 0 AND NOT a.attisdropped
             ORDER BY a.attnum
):
  app/controllers/home_controller.rb:3:in `index'


  Rendered /home/sidriao/.rvm/gems/ruby-1.9.2-p290@loja/gems/actionpack-3.2.8/lib/action_dispatch/middleware/templates/rescues/_trace.erb (3.0ms)
  Rendered /home/sidriao/.rvm/gems/ruby-1.9.2-p290@loja/gems/actionpack-3.2.8/lib/action_dispatch/middleware/templates/rescues/_request_and_response.erb (2.1ms)
  Rendered /home/sidriao/.rvm/gems/ruby-1.9.2-p290@loja/gems/actionpack-3.2.8/lib/action_dispatch/middleware/templates/rescues/diagnostics.erb within rescues/layout (110.8ms)
  Rendered /home/sidriao/.rvm/gems/ruby-1.9.2-p290@loja/gems/actionpack-3.2.8/lib/action_dispatch/middleware/templates/rescues/_trace.erb (3.2ms)
  Rendered /home/sidriao/.rvm/gems/ruby-1.9.2-p290@loja/gems/actionpack-3.2.8/lib/action_dispatch/middleware/templates/rescues/_request_and_response.erb (1.6ms)
  Rendered /home/sidriao/.rvm/gems/ruby-1.9.2-p290@loja/gems/actionpack-3.2.8/lib/action_dispatch/middleware/templates/rescues/diagnostics.erb within rescues/layout (85.8ms)
Connecting to database specified by database.yml
  [1m[36m (33.6ms)[0m  [1mCREATE TABLE "schema_migrations" ("version" character varying(255) NOT NULL) [0m
  [1m[35m (9.0ms)[0m   SELECT distinct i.relname, d.indisunique, d.indkey, pg_get_indexdef(d.indexrelid), t.oid
 FROM pg_class t
 INNER JOIN pg_index d ON t.oid = d.indrelid
 INNER JOIN pg_class i ON d.indexrelid = i.oid
 WHERE i.relkind = 'i'
 AND d.indisprimary = 'f'
 AND t.relname = 'schema_migrations'
 AND i.relnamespace IN (SELECT oid FROM pg_namespace WHERE nspname = ANY (current_schemas(false)) )
 ORDER BY i.relname

  [1m[36m (56.6ms)[0m  [1mCREATE UNIQUE INDEX "unique_schema_migrations" ON "schema_migrations" ("version")[0m
  [1m[35m (1.2ms)[0m  SELECT "schema_migrations"."version" FROM "schema_migrations" 
Migrating to DeviseCreateUsers (20120418171104)
  [1m[36m (0.6ms)[0m  [1mBEGIN[0m
  [1m[35m (149.2ms)[0m  CREATE TABLE "users" ("id" serial primary key, "email" character varying(255) DEFAULT '' NOT NULL, "encrypted_password" character varying(255) DEFAULT '' NOT NULL, "reset_password_token" character varying(255), "reset_password_sent_at" timestamp, "remember_created_at" timestamp, "sign_in_count" integer DEFAULT 0, "current_sign_in_at" timestamp, "last_sign_in_at" timestamp, "current_sign_in_ip" character varying(255), "last_sign_in_ip" character varying(255), "created_at" timestamp NOT NULL, "updated_at" timestamp NOT NULL) 
  [1m[36m (4.0ms)[0m  [1m SELECT distinct i.relname, d.indisunique, d.indkey, pg_get_indexdef(d.indexrelid), t.oid
 FROM pg_class t
 INNER JOIN pg_index d ON t.oid = d.indrelid
 INNER JOIN pg_class i ON d.indexrelid = i.oid
 WHERE i.relkind = 'i'
 AND d.indisprimary = 'f'
 AND t.relname = 'users'
 AND i.relnamespace IN (SELECT oid FROM pg_namespace WHERE nspname = ANY (current_schemas(false)) )
 ORDER BY i.relname
[0m
  [1m[35m (49.7ms)[0m  CREATE UNIQUE INDEX "index_users_on_email" ON "users" ("email")
  [1m[36m (3.9ms)[0m  [1m SELECT distinct i.relname, d.indisunique, d.indkey, pg_get_indexdef(d.indexrelid), t.oid
 FROM pg_class t
 INNER JOIN pg_index d ON t.oid = d.indrelid
 INNER JOIN pg_class i ON d.indexrelid = i.oid
 WHERE i.relkind = 'i'
 AND d.indisprimary = 'f'
 AND t.relname = 'users'
 AND i.relnamespace IN (SELECT oid FROM pg_namespace WHERE nspname = ANY (current_schemas(false)) )
 ORDER BY i.relname
[0m
  [1m[35mColumns for index index_users_on_email on users (1.7ms)[0m   SELECT a.attnum, a.attname
 FROM pg_attribute a
 WHERE a.attrelid = 16925
 AND a.attnum IN (2)

  [1m[36m (59.6ms)[0m  [1mCREATE UNIQUE INDEX "index_users_on_reset_password_token" ON "users" ("reset_password_token")[0m
  [1m[35m (1.5ms)[0m  INSERT INTO "schema_migrations" ("version") VALUES ('20120418171104')
  [1m[36m (16.0ms)[0m  [1mCOMMIT[0m
Migrating to RolifyCreateRoles (20120418171110)
  [1m[35m (1.9ms)[0m  BEGIN
  [1m[36m (84.7ms)[0m  [1mCREATE TABLE "roles" ("id" serial primary key, "name" character varying(255), "resource_id" integer, "resource_type" character varying(255), "created_at" timestamp NOT NULL, "updated_at" timestamp NOT NULL) [0m
  [1m[35m (2.4ms)[0m  CREATE TABLE "users_roles" ("user_id" integer, "role_id" integer) 
  [1m[36m (4.3ms)[0m  [1m SELECT distinct i.relname, d.indisunique, d.indkey, pg_get_indexdef(d.indexrelid), t.oid
 FROM pg_class t
 INNER JOIN pg_index d ON t.oid = d.indrelid
 INNER JOIN pg_class i ON d.indexrelid = i.oid
 WHERE i.relkind = 'i'
 AND d.indisprimary = 'f'
 AND t.relname = 'roles'
 AND i.relnamespace IN (SELECT oid FROM pg_namespace WHERE nspname = ANY (current_schemas(false)) )
 ORDER BY i.relname
[0m
  [1m[35m (35.4ms)[0m  CREATE INDEX "index_roles_on_name" ON "roles" ("name")
  [1m[36m (3.9ms)[0m  [1m SELECT distinct i.relname, d.indisunique, d.indkey, pg_get_indexdef(d.indexrelid), t.oid
 FROM pg_class t
 INNER JOIN pg_index d ON t.oid = d.indrelid
 INNER JOIN pg_class i ON d.indexrelid = i.oid
 WHERE i.relkind = 'i'
 AND d.indisprimary = 'f'
 AND t.relname = 'roles'
 AND i.relnamespace IN (SELECT oid FROM pg_namespace WHERE nspname = ANY (current_schemas(false)) )
 ORDER BY i.relname
[0m
  [1m[35mColumns for index index_roles_on_name on roles (1.2ms)[0m   SELECT a.attnum, a.attname
 FROM pg_attribute a
 WHERE a.attrelid = 16941
 AND a.attnum IN (2)

  [1m[36m (37.8ms)[0m  [1mCREATE INDEX "index_roles_on_name_and_resource_type_and_resource_id" ON "roles" ("name", "resource_type", "resource_id")[0m
  [1m[35m (3.6ms)[0m   SELECT distinct i.relname, d.indisunique, d.indkey, pg_get_indexdef(d.indexrelid), t.oid
 FROM pg_class t
 INNER JOIN pg_index d ON t.oid = d.indrelid
 INNER JOIN pg_class i ON d.indexrelid = i.oid
 WHERE i.relkind = 'i'
 AND d.indisprimary = 'f'
 AND t.relname = 'users_roles'
 AND i.relnamespace IN (SELECT oid FROM pg_namespace WHERE nspname = ANY (current_schemas(false)) )
 ORDER BY i.relname

  [1m[36m (39.8ms)[0m  [1mCREATE INDEX "index_users_roles_on_user_id_and_role_id" ON "users_roles" ("user_id", "role_id")[0m
  [1m[35m (1.0ms)[0m  INSERT INTO "schema_migrations" ("version") VALUES ('20120418171110')
  [1m[36m (17.7ms)[0m  [1mCOMMIT[0m
Migrating to AddNameToUsers (20120418171112)
  [1m[35m (2.2ms)[0m  BEGIN
  [1m[36m (1.5ms)[0m  [1mALTER TABLE "users" ADD COLUMN "name" character varying(255)[0m
  [1m[35m (0.9ms)[0m  INSERT INTO "schema_migrations" ("version") VALUES ('20120418171112')
  [1m[36m (11.1ms)[0m  [1mCOMMIT[0m
  [1m[35m (0.9ms)[0m  SELECT "schema_migrations"."version" FROM "schema_migrations" 
  [1m[36mPK and serial sequence (7.3ms)[0m  [1m SELECT attr.attname, seq.relname
 FROM pg_class seq,
 pg_attribute attr,
 pg_depend dep,
 pg_namespace name,
 pg_constraint cons
 WHERE seq.oid = dep.objid
 AND seq.relkind = 'S'
 AND attr.attrelid = dep.refobjid
 AND attr.attnum = dep.refobjsubid
 AND attr.attrelid = cons.conrelid
 AND attr.attnum = cons.conkey[1]
 AND cons.contype = 'p'
 AND dep.refobjid = '"roles"'::regclass
[0m
  [1m[35m (5.7ms)[0m   SELECT distinct i.relname, d.indisunique, d.indkey, pg_get_indexdef(d.indexrelid), t.oid
 FROM pg_class t
 INNER JOIN pg_index d ON t.oid = d.indrelid
 INNER JOIN pg_class i ON d.indexrelid = i.oid
 WHERE i.relkind = 'i'
 AND d.indisprimary = 'f'
 AND t.relname = 'roles'
 AND i.relnamespace IN (SELECT oid FROM pg_namespace WHERE nspname = ANY (current_schemas(false)) )
 ORDER BY i.relname

  [1m[36mColumns for index index_roles_on_name on roles (1.3ms)[0m  [1m SELECT a.attnum, a.attname
 FROM pg_attribute a
 WHERE a.attrelid = 16941
 AND a.attnum IN (2)
[0m
  [1m[35mColumns for index index_roles_on_name_and_resource_type_and_resource_id on roles (0.9ms)[0m   SELECT a.attnum, a.attname
 FROM pg_attribute a
 WHERE a.attrelid = 16941
 AND a.attnum IN (2,4,3)

  [1m[36mPK and serial sequence (6.5ms)[0m  [1m SELECT attr.attname, seq.relname
 FROM pg_class seq,
 pg_attribute attr,
 pg_depend dep,
 pg_namespace name,
 pg_constraint cons
 WHERE seq.oid = dep.objid
 AND seq.relkind = 'S'
 AND attr.attrelid = dep.refobjid
 AND attr.attnum = dep.refobjsubid
 AND attr.attrelid = cons.conrelid
 AND attr.attnum = cons.conkey[1]
 AND cons.contype = 'p'
 AND dep.refobjid = '"users"'::regclass
[0m
  [1m[35m (3.6ms)[0m   SELECT distinct i.relname, d.indisunique, d.indkey, pg_get_indexdef(d.indexrelid), t.oid
 FROM pg_class t
 INNER JOIN pg_index d ON t.oid = d.indrelid
 INNER JOIN pg_class i ON d.indexrelid = i.oid
 WHERE i.relkind = 'i'
 AND d.indisprimary = 'f'
 AND t.relname = 'users'
 AND i.relnamespace IN (SELECT oid FROM pg_namespace WHERE nspname = ANY (current_schemas(false)) )
 ORDER BY i.relname

  [1m[36mColumns for index index_users_on_email on users (1.2ms)[0m  [1m SELECT a.attnum, a.attname
 FROM pg_attribute a
 WHERE a.attrelid = 16925
 AND a.attnum IN (2)
[0m
  [1m[35mColumns for index index_users_on_reset_password_token on users (0.7ms)[0m   SELECT a.attnum, a.attname
 FROM pg_attribute a
 WHERE a.attrelid = 16925
 AND a.attnum IN (4)

  [1m[36mPK and serial sequence (3.6ms)[0m  [1m SELECT attr.attname, seq.relname
 FROM pg_class seq,
 pg_attribute attr,
 pg_depend dep,
 pg_namespace name,
 pg_constraint cons
 WHERE seq.oid = dep.objid
 AND seq.relkind = 'S'
 AND attr.attrelid = dep.refobjid
 AND attr.attnum = dep.refobjsubid
 AND attr.attrelid = cons.conrelid
 AND attr.attnum = cons.conkey[1]
 AND cons.contype = 'p'
 AND dep.refobjid = '"users_roles"'::regclass
[0m
  [1m[35mPK and custom sequence (2.8ms)[0m   SELECT attr.attname,
 CASE
 WHEN split_part(def.adsrc, '''', 2) ~ '.' THEN
 substr(split_part(def.adsrc, '''', 2),
 strpos(split_part(def.adsrc, '''', 2), '.')+1)
 ELSE split_part(def.adsrc, '''', 2)
 END
 FROM pg_class t
 JOIN pg_attribute attr ON (t.oid = attrelid)
 JOIN pg_attrdef def ON (adrelid = attrelid AND adnum = attnum)
 JOIN pg_constraint cons ON (conrelid = adrelid AND adnum = conkey[1])
 WHERE t.oid = '"users_roles"'::regclass
 AND cons.contype = 'p'
 AND def.adsrc ~* 'nextval'

  [1m[36m (2.3ms)[0m  [1m SELECT distinct i.relname, d.indisunique, d.indkey, pg_get_indexdef(d.indexrelid), t.oid
 FROM pg_class t
 INNER JOIN pg_index d ON t.oid = d.indrelid
 INNER JOIN pg_class i ON d.indexrelid = i.oid
 WHERE i.relkind = 'i'
 AND d.indisprimary = 'f'
 AND t.relname = 'users_roles'
 AND i.relnamespace IN (SELECT oid FROM pg_namespace WHERE nspname = ANY (current_schemas(false)) )
 ORDER BY i.relname
[0m
  [1m[35mColumns for index index_users_roles_on_user_id_and_role_id on users_roles (0.8ms)[0m   SELECT a.attnum, a.attname
 FROM pg_attribute a
 WHERE a.attrelid = 16950
 AND a.attnum IN (1,2)

Connecting to database specified by database.yml


Started HEAD "/" for 127.0.0.1 at 2012-09-03 22:45:52 -0300


Started GET "/" for 127.0.0.1 at 2012-09-03 22:45:52 -0300
Processing by HomeController#index as HTML
Processing by HomeController#index as HTML
  [1m[36mUser Load (1.3ms)[0m  [1mSELECT "users".* FROM "users" [0m
  [1m[36mUser Load (1.2ms)[0m  [1mSELECT "users".* FROM "users" [0m
  Rendered home/index.html.erb within layouts/application (76.8ms)
  Rendered home/index.html.erb within layouts/application (71.2ms)
Compiled bootstrap_and_overrides.css  (3748ms)  (pid 13409)
Compiled bootstrap_and_overrides.css  (3814ms)  (pid 13401)
Compiled home.css  (3ms)  (pid 13409)
Compiled home.css  (1ms)  (pid 13401)
Compiled application.css  (3944ms)  (pid 13409)
Compiled application.css  (4108ms)  (pid 13401)
Compiled jquery.js  (10ms)  (pid 13401)
Compiled jquery_ujs.js  (1ms)  (pid 13401)
Compiled jquery.js  (63ms)  (pid 13409)
Compiled jquery_ujs.js  (0ms)  (pid 13409)
Compiled bootstrap-transition.js  (0ms)  (pid 13409)
Compiled bootstrap-alert.js  (0ms)  (pid 13409)
Compiled bootstrap-alert.js  (0ms)  (pid 13401)
Compiled bootstrap-button.js  (0ms)  (pid 13409)
Compiled bootstrap-button.js  (0ms)  (pid 13401)
Compiled bootstrap-carousel.js  (3ms)  (pid 13401)
Compiled bootstrap-collapse.js  (0ms)  (pid 13401)
Compiled bootstrap-dropdown.js  (0ms)  (pid 13401)
Compiled bootstrap-dropdown.js  (0ms)  (pid 13409)
Compiled bootstrap-modal.js  (0ms)  (pid 13409)
Compiled bootstrap-scrollspy.js  (0ms)  (pid 13409)
Compiled bootstrap-tab.js  (0ms)  (pid 13401)
Compiled bootstrap-tab.js  (0ms)  (pid 13409)
Compiled bootstrap-tooltip.js  (0ms)  (pid 13409)
Compiled bootstrap-tooltip.js  (0ms)  (pid 13401)
Compiled bootstrap-popover.js  (0ms)  (pid 13401)
Compiled bootstrap-typeahead.js  (0ms)  (pid 13401)
Compiled bootstrap.js  (273ms)  (pid 13401)
Compiled bootstrap.js  (301ms)  (pid 13409)
Compiled home.js  (174ms)  (pid 13401)
Compiled home.js  (208ms)  (pid 13409)
Compiled application.js  (651ms)  (pid 13401)
Compiled application.js  (656ms)  (pid 13409)
  Rendered layouts/_navigation.html.erb (3.5ms)
  Rendered layouts/_navigation.html.erb (7.3ms)
  Rendered layouts/_messages.html.erb (8.5ms)
Completed 200 OK in 5774ms (Views: 5299.0ms | ActiveRecord: 115.7ms)
  Rendered layouts/_messages.html.erb (0.9ms)
Completed 200 OK in 5811ms (Views: 5415.8ms | ActiveRecord: 98.3ms)


Started GET "/assets/application.css?body=1" for 127.0.0.1 at 2012-09-03 22:45:58 -0300


Started GET "/assets/bootstrap_and_overrides.css?body=1" for 127.0.0.1 at 2012-09-03 22:45:58 -0300
Served asset /bootstrap_and_overrides.css - 200 OK (92ms)


Started GET "/assets/bootstrap-transition.js?body=1" for 127.0.0.1 at 2012-09-03 22:45:58 -0300
Served asset /bootstrap-transition.js - 200 OK (18ms)
Served asset /application.css - 200 OK (123ms)


Started GET "/assets/home.css?body=1" for 127.0.0.1 at 2012-09-03 22:45:58 -0300


Started GET "/assets/bootstrap-alert.js?body=1" for 127.0.0.1 at 2012-09-03 22:45:58 -0300
Served asset /home.css - 200 OK (2ms)


Started GET "/assets/bootstrap-button.js?body=1" for 127.0.0.1 at 2012-09-03 22:45:58 -0300
Served asset /bootstrap-alert.js - 200 OK (15ms)


Started GET "/assets/bootstrap-collapse.js?body=1" for 127.0.0.1 at 2012-09-03 22:45:58 -0300
Served asset /bootstrap-button.js - 200 OK (24ms)


Started GET "/assets/bootstrap-modal.js?body=1" for 127.0.0.1 at 2012-09-03 22:45:59 -0300
Served asset /bootstrap-collapse.js - 200 OK (30ms)


Started GET "/assets/bootstrap-scrollspy.js?body=1" for 127.0.0.1 at 2012-09-03 22:45:59 -0300
Served asset /bootstrap-modal.js - 200 OK (21ms)
Served asset /bootstrap-scrollspy.js - 200 OK (15ms)


Started GET "/assets/bootstrap-tab.js?body=1" for 127.0.0.1 at 2012-09-03 22:45:59 -0300


Started GET "/assets/bootstrap-tooltip.js?body=1" for 127.0.0.1 at 2012-09-03 22:45:59 -0300
Served asset /bootstrap-tab.js - 200 OK (10ms)
Served asset /bootstrap-tooltip.js - 200 OK (17ms)


Started GET "/assets/bootstrap-popover.js?body=1" for 127.0.0.1 at 2012-09-03 22:45:59 -0300


Started GET "/assets/bootstrap-typeahead.js?body=1" for 127.0.0.1 at 2012-09-03 22:45:59 -0300
Served asset /bootstrap-popover.js - 200 OK (14ms)


Started GET "/assets/bootstrap.js?body=1" for 127.0.0.1 at 2012-09-03 22:45:59 -0300
Served asset /bootstrap-typeahead.js - 200 OK (24ms)


Started GET "/assets/home.js?body=1" for 127.0.0.1 at 2012-09-03 22:45:59 -0300
Served asset /home.js - 200 OK (11ms)


Started GET "/assets/application.js?body=1" for 127.0.0.1 at 2012-09-03 22:45:59 -0300
Served asset /bootstrap.js - 200 OK (101ms)


Started GET "/assets/bootstrap-dropdown.js?body=1" for 127.0.0.1 at 2012-09-03 22:45:59 -0300
Served asset /application.js - 200 OK (190ms)


Started GET "/assets/jquery.js?body=1" for 127.0.0.1 at 2012-09-03 22:45:59 -0300


Started GET "/assets/jquery_ujs.js?body=1" for 127.0.0.1 at 2012-09-03 22:45:59 -0300


Started GET "/assets/bootstrap-carousel.js?body=1" for 127.0.0.1 at 2012-09-03 22:45:59 -0300
Served asset /bootstrap-dropdown.js - 200 OK (19ms)
Served asset /jquery.js - 200 OK (14ms)
Served asset /jquery_ujs.js - 200 OK (21ms)
Served asset /bootstrap-carousel.js - 200 OK (14ms)


Started GET "/users/sign_up" for 127.0.0.1 at 2012-09-03 22:46:16 -0300
Processing by Devise::RegistrationsController#new as HTML
  Rendered devise/shared/_links.html.erb (3.3ms)
  Rendered devise/registrations/new.html.erb within layouts/application (164.3ms)
  Rendered layouts/_navigation.html.erb (2.9ms)
  Rendered layouts/_messages.html.erb (0.8ms)
Completed 200 OK in 932ms (Views: 549.7ms | ActiveRecord: 59.9ms)


Started POST "/users" for 127.0.0.1 at 2012-09-03 22:46:45 -0300
Processing by Devise::RegistrationsController#create as HTML
  Parameters: {"utf8"=>"✓", "authenticity_token"=>"p5eP2MFlT6CkyopZJYyFU70jFcYho4T691pr9qJkVco=", "user"=>{"name"=>"sidriao", "email"=>"sidriao@hotmail.com", "password"=>"[FILTERED]", "password_confirmation"=>"[FILTERED]"}, "commit"=>"Sign up"}
  [1m[36m (0.4ms)[0m  [1mBEGIN[0m
  [1m[35mUser Exists (1.9ms)[0m  SELECT 1 AS one FROM "users" WHERE "users"."email" = 'sidriao@hotmail.com' LIMIT 1
  [1m[36mSQL (64.9ms)[0m  [1mINSERT INTO "users" ("created_at", "current_sign_in_at", "current_sign_in_ip", "email", "encrypted_password", "last_sign_in_at", "last_sign_in_ip", "name", "remember_created_at", "reset_password_sent_at", "reset_password_token", "sign_in_count", "updated_at") VALUES ($1, $2, $3, $4, $5, $6, $7, $8, $9, $10, $11, $12, $13) RETURNING "id"[0m  [["created_at", Tue, 04 Sep 2012 01:46:46 UTC +00:00], ["current_sign_in_at", nil], ["current_sign_in_ip", nil], ["email", "sidriao@hotmail.com"], ["encrypted_password", "$2a$10$vcyFJWg7.g04tn.RILTLc.Gn2MoHDd6LD5LqpJ/QgvH.40XYzZISG"], ["last_sign_in_at", nil], ["last_sign_in_ip", nil], ["name", "sidriao"], ["remember_created_at", nil], ["reset_password_sent_at", nil], ["reset_password_token", nil], ["sign_in_count", 0], ["updated_at", Tue, 04 Sep 2012 01:46:46 UTC +00:00]]
  [1m[35m (24.8ms)[0m  COMMIT
  [1m[36m (0.7ms)[0m  [1mBEGIN[0m
  [1m[35m (1.1ms)[0m  UPDATE "users" SET "last_sign_in_at" = '2012-09-04 01:46:46.124426', "current_sign_in_at" = '2012-09-04 01:46:46.124426', "last_sign_in_ip" = '127.0.0.1', "current_sign_in_ip" = '127.0.0.1', "sign_in_count" = 1, "updated_at" = '2012-09-04 01:46:46.127903' WHERE "users"."id" = 1
  [1m[36m (10.3ms)[0m  [1mCOMMIT[0m
Redirected to http://localhost:3001/
Completed 302 Found in 748ms (ActiveRecord: 0.0ms)


Started GET "/" for 127.0.0.1 at 2012-09-03 22:46:46 -0300
  [1m[35mUser Load (1.0ms)[0m  SELECT "users".* FROM "users" WHERE "users"."id" = 1 LIMIT 1
Processing by HomeController#index as HTML
  [1m[36mUser Load (0.8ms)[0m  [1mSELECT "users".* FROM "users" [0m
  Rendered home/index.html.erb within layouts/application (1.8ms)
  [1m[35m (1.9ms)[0m  SELECT COUNT(*) FROM "roles" INNER JOIN "users_roles" ON "roles"."id" = "users_roles"."role_id" WHERE "users_roles"."user_id" = 1 AND (((roles.name = 'admin') AND (roles.resource_type IS NULL) AND (roles.resource_id IS NULL)))
  Rendered layouts/_navigation.html.erb (328.6ms)
  Rendered layouts/_messages.html.erb (0.3ms)
Completed 200 OK in 430ms (Views: 418.0ms | ActiveRecord: 9.7ms)


Started GET "/users/1" for 127.0.0.1 at 2012-09-03 22:49:48 -0300
Processing by UsersController#show as HTML
  Parameters: {"id"=>"1"}
  [1m[36mUser Load (1.9ms)[0m  [1mSELECT "users".* FROM "users" WHERE "users"."id" = 1 LIMIT 1[0m
  [1m[35mUser Load (1.3ms)[0m  SELECT "users".* FROM "users" WHERE "users"."id" = $1 LIMIT 1  [["id", "1"]]
  Rendered users/show.html.erb within layouts/application (0.8ms)
  [1m[36m (1.2ms)[0m  [1mSELECT COUNT(*) FROM "roles" INNER JOIN "users_roles" ON "roles"."id" = "users_roles"."role_id" WHERE "users_roles"."user_id" = 1 AND (((roles.name = 'admin') AND (roles.resource_type IS NULL) AND (roles.resource_id IS NULL)))[0m
  Rendered layouts/_navigation.html.erb (5.9ms)
  Rendered layouts/_messages.html.erb (0.2ms)
Completed 200 OK in 65ms (Views: 56.3ms | ActiveRecord: 4.4ms)


Started GET "/assets/bootstrap-transition.js?body=1" for 127.0.0.1 at 2012-09-03 22:49:48 -0300


Started GET "/assets/bootstrap-alert.js?body=1" for 127.0.0.1 at 2012-09-03 22:49:48 -0300
Served asset /bootstrap-transition.js - 304 Not Modified (4ms)


Started GET "/assets/bootstrap-button.js?body=1" for 127.0.0.1 at 2012-09-03 22:49:49 -0300
Served asset /bootstrap-alert.js - 304 Not Modified (19ms)
Served asset /bootstrap-button.js - 304 Not Modified (8ms)


Started GET "/assets/bootstrap-carousel.js?body=1" for 127.0.0.1 at 2012-09-03 22:49:49 -0300


Started GET "/assets/bootstrap-dropdown.js?body=1" for 127.0.0.1 at 2012-09-03 22:49:49 -0300


Started GET "/assets/bootstrap-collapse.js?body=1" for 127.0.0.1 at 2012-09-03 22:49:49 -0300
Served asset /bootstrap-collapse.js - 304 Not Modified (4ms)
Served asset /bootstrap-carousel.js - 304 Not Modified (13ms)
Served asset /bootstrap-dropdown.js - 304 Not Modified (9ms)


Started GET "/assets/bootstrap-modal.js?body=1" for 127.0.0.1 at 2012-09-03 22:49:49 -0300


Started GET "/assets/bootstrap-scrollspy.js?body=1" for 127.0.0.1 at 2012-09-03 22:49:49 -0300
Served asset /bootstrap-modal.js - 304 Not Modified (4ms)
Served asset /bootstrap-scrollspy.js - 304 Not Modified (4ms)


Started GET "/assets/bootstrap-tab.js?body=1" for 127.0.0.1 at 2012-09-03 22:49:49 -0300


Started GET "/assets/bootstrap-tooltip.js?body=1" for 127.0.0.1 at 2012-09-03 22:49:49 -0300
Served asset /bootstrap-tab.js - 304 Not Modified (6ms)


Started GET "/assets/bootstrap-popover.js?body=1" for 127.0.0.1 at 2012-09-03 22:49:49 -0300


Started GET "/assets/bootstrap-typeahead.js?body=1" for 127.0.0.1 at 2012-09-03 22:49:49 -0300
Served asset /bootstrap-tooltip.js - 304 Not Modified (16ms)


Started GET "/assets/bootstrap.js?body=1" for 127.0.0.1 at 2012-09-03 22:49:49 -0300
Served asset /bootstrap-typeahead.js - 304 Not Modified (11ms)
Served asset /bootstrap-popover.js - 304 Not Modified (12ms)
Served asset /bootstrap.js - 304 Not Modified (41ms)


Started GET "/users/edit" for 127.0.0.1 at 2012-09-03 22:50:03 -0300
Processing by Devise::RegistrationsController#edit as HTML
  [1m[35mUser Load (1.3ms)[0m  SELECT "users".* FROM "users" WHERE "users"."id" = 1 LIMIT 1
  Rendered devise/registrations/edit.html.erb within layouts/application (55.8ms)
  [1m[36m (1.1ms)[0m  [1mSELECT COUNT(*) FROM "roles" INNER JOIN "users_roles" ON "roles"."id" = "users_roles"."role_id" WHERE "users_roles"."user_id" = 1 AND (((roles.name = 'admin') AND (roles.resource_type IS NULL) AND (roles.resource_id IS NULL)))[0m
  Rendered layouts/_navigation.html.erb (6.0ms)
  Rendered layouts/_messages.html.erb (0.2ms)
Completed 200 OK in 117ms (Views: 111.5ms | ActiveRecord: 2.4ms)


Started GET "/assets/bootstrap-alert.js?body=1" for 127.0.0.1 at 2012-09-03 22:50:03 -0300


Started GET "/assets/bootstrap-transition.js?body=1" for 127.0.0.1 at 2012-09-03 22:50:03 -0300
Served asset /bootstrap-transition.js - 304 Not Modified (0ms)
Served asset /bootstrap-alert.js - 304 Not Modified (0ms)


Started GET "/assets/bootstrap-carousel.js?body=1" for 127.0.0.1 at 2012-09-03 22:50:03 -0300


Started GET "/assets/bootstrap-collapse.js?body=1" for 127.0.0.1 at 2012-09-03 22:50:03 -0300


Started GET "/assets/bootstrap-dropdown.js?body=1" for 127.0.0.1 at 2012-09-03 22:50:03 -0300
Served asset /bootstrap-carousel.js - 304 Not Modified (0ms)
Served asset /bootstrap-dropdown.js - 304 Not Modified (0ms)


Started GET "/assets/bootstrap-modal.js?body=1" for 127.0.0.1 at 2012-09-03 22:50:03 -0300


Started GET "/assets/bootstrap-button.js?body=1" for 127.0.0.1 at 2012-09-03 22:50:03 -0300
Served asset /bootstrap-modal.js - 304 Not Modified (9ms)
Served asset /bootstrap-collapse.js - 304 Not Modified (13ms)


Started GET "/assets/bootstrap-scrollspy.js?body=1" for 127.0.0.1 at 2012-09-03 22:50:03 -0300


Started GET "/assets/bootstrap-tab.js?body=1" for 127.0.0.1 at 2012-09-03 22:50:03 -0300


Started GET "/assets/bootstrap-tooltip.js?body=1" for 127.0.0.1 at 2012-09-03 22:50:03 -0300


Started GET "/assets/bootstrap-popover.js?body=1" for 127.0.0.1 at 2012-09-03 22:50:03 -0300
Served asset /bootstrap-button.js - 304 Not Modified (12ms)
Served asset /bootstrap-tooltip.js - 304 Not Modified (10ms)


Started GET "/assets/bootstrap-typeahead.js?body=1" for 127.0.0.1 at 2012-09-03 22:50:03 -0300
Served asset /bootstrap-typeahead.js - 304 Not Modified (0ms)


Started GET "/assets/bootstrap.js?body=1" for 127.0.0.1 at 2012-09-03 22:50:03 -0300
Served asset /bootstrap-popover.js - 304 Not Modified (12ms)
Served asset /bootstrap-tab.js - 304 Not Modified (25ms)
Served asset /bootstrap-scrollspy.js - 304 Not Modified (32ms)
Served asset /bootstrap.js - 304 Not Modified (6ms)


Started GET "/users/1" for 127.0.0.1 at 2012-09-03 22:50:19 -0300
Processing by UsersController#show as HTML
  Parameters: {"id"=>"1"}
  [1m[35mUser Load (1.3ms)[0m  SELECT "users".* FROM "users" WHERE "users"."id" = 1 LIMIT 1
  [1m[36mUser Load (1.4ms)[0m  [1mSELECT "users".* FROM "users" WHERE "users"."id" = $1 LIMIT 1[0m  [["id", "1"]]
  Rendered users/show.html.erb within layouts/application (0.8ms)
  [1m[35m (2.1ms)[0m  SELECT COUNT(*) FROM "roles" INNER JOIN "users_roles" ON "roles"."id" = "users_roles"."role_id" WHERE "users_roles"."user_id" = 1 AND (((roles.name = 'admin') AND (roles.resource_type IS NULL) AND (roles.resource_id IS NULL)))
  Rendered layouts/_navigation.html.erb (467.1ms)
  Rendered layouts/_messages.html.erb (0.1ms)
Completed 200 OK in 676ms (Views: 497.3ms | ActiveRecord: 11.5ms)


Started GET "/assets/bootstrap-transition.js?body=1" for 127.0.0.1 at 2012-09-03 22:50:20 -0300


Started GET "/assets/bootstrap-button.js?body=1" for 127.0.0.1 at 2012-09-03 22:50:20 -0300


Started GET "/assets/bootstrap-carousel.js?body=1" for 127.0.0.1 at 2012-09-03 22:50:20 -0300


Started GET "/assets/bootstrap-alert.js?body=1" for 127.0.0.1 at 2012-09-03 22:50:20 -0300
Served asset /bootstrap-carousel.js - 304 Not Modified (4ms)
Served asset /bootstrap-alert.js - 304 Not Modified (3ms)
Served asset /bootstrap-button.js - 304 Not Modified (0ms)


Started GET "/assets/bootstrap-collapse.js?body=1" for 127.0.0.1 at 2012-09-03 22:50:20 -0300


Started GET "/assets/bootstrap-dropdown.js?body=1" for 127.0.0.1 at 2012-09-03 22:50:20 -0300
Served asset /bootstrap-transition.js - 304 Not Modified (11ms)


Started GET "/assets/bootstrap-modal.js?body=1" for 127.0.0.1 at 2012-09-03 22:50:20 -0300


Started GET "/assets/bootstrap-scrollspy.js?body=1" for 127.0.0.1 at 2012-09-03 22:50:20 -0300
Served asset /bootstrap-scrollspy.js - 304 Not Modified (0ms)


Started GET "/assets/bootstrap-tab.js?body=1" for 127.0.0.1 at 2012-09-03 22:50:20 -0300
Served asset /bootstrap-modal.js - 304 Not Modified (4ms)


Started GET "/assets/bootstrap-tooltip.js?body=1" for 127.0.0.1 at 2012-09-03 22:50:20 -0300
Served asset /bootstrap-collapse.js - 304 Not Modified (24ms)
Served asset /bootstrap-dropdown.js - 304 Not Modified (15ms)
Served asset /bootstrap-tooltip.js - 304 Not Modified (3ms)


Started GET "/assets/bootstrap-popover.js?body=1" for 127.0.0.1 at 2012-09-03 22:50:20 -0300


Started GET "/assets/bootstrap.js?body=1" for 127.0.0.1 at 2012-09-03 22:50:20 -0300


Started GET "/assets/bootstrap-typeahead.js?body=1" for 127.0.0.1 at 2012-09-03 22:50:20 -0300
Served asset /bootstrap-tab.js - 304 Not Modified (25ms)
Served asset /bootstrap.js - 304 Not Modified (3ms)
Served asset /bootstrap-popover.js - 304 Not Modified (0ms)
Served asset /bootstrap-typeahead.js - 304 Not Modified (12ms)
Connecting to database specified by database.yml


Started HEAD "/" for 127.0.0.1 at 2012-09-03 22:50:52 -0300


Started GET "/" for 127.0.0.1 at 2012-09-03 22:50:52 -0300
Processing by HomeController#index as HTML
  [1m[36mUser Load (1.6ms)[0m  [1mSELECT "users".* FROM "users" [0m
  [1m[36mUser Load (1.6ms)[0m  [1mSELECT "users".* FROM "users" WHERE "users"."id" = 1 LIMIT 1[0m
Processing by HomeController#index as HTML
  [1m[35mUser Load (0.8ms)[0m  SELECT "users".* FROM "users" 
  Rendered home/index.html.erb within layouts/application (78.8ms)
  Rendered layouts/_navigation.html.erb (3.7ms)
  Rendered layouts/_messages.html.erb (1.0ms)
Completed 200 OK in 968ms (Views: 572.2ms | ActiveRecord: 99.1ms)
  Rendered home/index.html.erb within layouts/application (130.8ms)
  [1m[36m (2.1ms)[0m  [1mSELECT COUNT(*) FROM "roles" INNER JOIN "users_roles" ON "roles"."id" = "users_roles"."role_id" WHERE "users_roles"."user_id" = 1 AND (((roles.name = 'admin') AND (roles.resource_type IS NULL) AND (roles.resource_id IS NULL)))[0m
  Rendered layouts/_navigation.html.erb (477.8ms)
  Rendered layouts/_messages.html.erb (0.9ms)
Completed 200 OK in 1104ms (Views: 1091.9ms | ActiveRecord: 9.3ms)


Started GET "/assets/bootstrap-transition.js?body=1" for 127.0.0.1 at 2012-09-03 22:50:54 -0300


Started GET "/assets/bootstrap-alert.js?body=1" for 127.0.0.1 at 2012-09-03 22:50:54 -0300
Served asset /bootstrap-transition.js - 304 Not Modified (7ms)


Started GET "/assets/bootstrap-button.js?body=1" for 127.0.0.1 at 2012-09-03 22:50:54 -0300
Served asset /bootstrap-alert.js - 304 Not Modified (4ms)
Served asset /bootstrap-button.js - 304 Not Modified (4ms)


Started GET "/assets/bootstrap-carousel.js?body=1" for 127.0.0.1 at 2012-09-03 22:50:54 -0300


Started GET "/assets/bootstrap-modal.js?body=1" for 127.0.0.1 at 2012-09-03 22:50:54 -0300
Served asset /bootstrap-carousel.js - 304 Not Modified (8ms)


Started GET "/assets/bootstrap-collapse.js?body=1" for 127.0.0.1 at 2012-09-03 22:50:54 -0300
Served asset /bootstrap-collapse.js - 304 Not Modified (3ms)


Started GET "/assets/bootstrap-tab.js?body=1" for 127.0.0.1 at 2012-09-03 22:50:54 -0300
Served asset /bootstrap-modal.js - 304 Not Modified (11ms)


Started GET "/assets/bootstrap-scrollspy.js?body=1" for 127.0.0.1 at 2012-09-03 22:50:54 -0300
Served asset /bootstrap-tab.js - 304 Not Modified (4ms)
Served asset /bootstrap-scrollspy.js - 304 Not Modified (8ms)


Started GET "/assets/bootstrap-tooltip.js?body=1" for 127.0.0.1 at 2012-09-03 22:50:54 -0300


Started GET "/assets/bootstrap-popover.js?body=1" for 127.0.0.1 at 2012-09-03 22:50:54 -0300
Served asset /bootstrap-popover.js - 304 Not Modified (8ms)


Started GET "/assets/bootstrap.js?body=1" for 127.0.0.1 at 2012-09-03 22:50:54 -0300
Served asset /bootstrap-tooltip.js - 304 Not Modified (29ms)
Served asset /bootstrap.js - 304 Not Modified (64ms)


Started GET "/assets/bootstrap-dropdown.js?body=1" for 127.0.0.1 at 2012-09-03 22:50:54 -0300


Started GET "/assets/bootstrap-typeahead.js?body=1" for 127.0.0.1 at 2012-09-03 22:50:54 -0300
Served asset /bootstrap-dropdown.js - 304 Not Modified (9ms)
Served asset /bootstrap-typeahead.js - 304 Not Modified (8ms)


Started DELETE "/users/sign_out" for 127.0.0.1 at 2012-09-03 22:51:00 -0300
Processing by Devise::SessionsController#destroy as HTML
  Parameters: {"authenticity_token"=>"p5eP2MFlT6CkyopZJYyFU70jFcYho4T691pr9qJkVco="}
  [1m[36mUser Load (1.7ms)[0m  [1mSELECT "users".* FROM "users" WHERE "users"."id" = 1 LIMIT 1[0m
  [1m[35m (0.5ms)[0m  BEGIN
  [1m[36m (0.4ms)[0m  [1mCOMMIT[0m
Redirected to http://localhost:3001/
Completed 302 Found in 550ms (ActiveRecord: 67.6ms)


Started GET "/" for 127.0.0.1 at 2012-09-03 22:51:01 -0300
Processing by HomeController#index as HTML
  [1m[35mUser Load (0.8ms)[0m  SELECT "users".* FROM "users" 
  Rendered home/index.html.erb within layouts/application (71.5ms)
  Rendered layouts/_navigation.html.erb (2.7ms)
  Rendered layouts/_messages.html.erb (0.9ms)
Completed 200 OK in 527ms (Views: 524.2ms | ActiveRecord: 0.8ms)


Started GET "/assets/bootstrap-alert.js?body=1" for 127.0.0.1 at 2012-09-03 22:51:01 -0300


Started GET "/assets/bootstrap-transition.js?body=1" for 127.0.0.1 at 2012-09-03 22:51:01 -0300


Started GET "/assets/bootstrap-button.js?body=1" for 127.0.0.1 at 2012-09-03 22:51:01 -0300


Started GET "/assets/bootstrap-collapse.js?body=1" for 127.0.0.1 at 2012-09-03 22:51:01 -0300
Served asset /bootstrap-collapse.js - 304 Not Modified (1ms)


Started GET "/assets/bootstrap-dropdown.js?body=1" for 127.0.0.1 at 2012-09-03 22:51:01 -0300
Served asset /bootstrap-button.js - 304 Not Modified (11ms)
Served asset /bootstrap-alert.js - 304 Not Modified (9ms)


Started GET "/assets/bootstrap-modal.js?body=1" for 127.0.0.1 at 2012-09-03 22:51:01 -0300
Served asset /bootstrap-transition.js - 304 Not Modified (14ms)


Started GET "/assets/bootstrap-tab.js?body=1" for 127.0.0.1 at 2012-09-03 22:51:01 -0300


Started GET "/assets/bootstrap-scrollspy.js?body=1" for 127.0.0.1 at 2012-09-03 22:51:01 -0300
Served asset /bootstrap-modal.js - 304 Not Modified (0ms)


Started GET "/assets/bootstrap-tooltip.js?body=1" for 127.0.0.1 at 2012-09-03 22:51:01 -0300
Served asset /bootstrap-scrollspy.js - 304 Not Modified (12ms)
Served asset /bootstrap-tooltip.js - 304 Not Modified (7ms)


Started GET "/assets/bootstrap-popover.js?body=1" for 127.0.0.1 at 2012-09-03 22:51:01 -0300


Started GET "/assets/bootstrap-typeahead.js?body=1" for 127.0.0.1 at 2012-09-03 22:51:01 -0300
Served asset /bootstrap-typeahead.js - 304 Not Modified (5ms)
Served asset /bootstrap-popover.js - 304 Not Modified (13ms)


Started GET "/assets/bootstrap.js?body=1" for 127.0.0.1 at 2012-09-03 22:51:01 -0300
Served asset /bootstrap-dropdown.js - 304 Not Modified (65ms)
Served asset /bootstrap-tab.js - 304 Not Modified (4ms)
Served asset /bootstrap.js - 304 Not Modified (53ms)


Started GET "/assets/bootstrap-carousel.js?body=1" for 127.0.0.1 at 2012-09-03 22:51:02 -0300
Served asset /bootstrap-carousel.js - 304 Not Modified (8ms)


Started GET "/users/sign_in" for 127.0.0.1 at 2012-09-03 22:51:43 -0300
Processing by Devise::SessionsController#new as HTML
  Rendered devise/shared/_links.html.erb (2.7ms)
  Rendered /home/sidriao/.rvm/gems/ruby-1.9.2-p290@loja/gems/devise-2.1.2/app/views/devise/sessions/new.html.erb within layouts/application (187.7ms)
  Rendered layouts/_navigation.html.erb (3.0ms)
  Rendered layouts/_messages.html.erb (0.8ms)
Completed 200 OK in 999ms (Views: 616.9ms | ActiveRecord: 60.0ms)


Started GET "/assets/bootstrap-transition.js?body=1" for 127.0.0.1 at 2012-09-03 22:51:44 -0300


Started GET "/assets/bootstrap-alert.js?body=1" for 127.0.0.1 at 2012-09-03 22:51:44 -0300
Served asset /bootstrap-alert.js - 304 Not Modified (0ms)


Started GET "/assets/bootstrap-carousel.js?body=1" for 127.0.0.1 at 2012-09-03 22:51:44 -0300


Started GET "/assets/bootstrap-collapse.js?body=1" for 127.0.0.1 at 2012-09-03 22:51:44 -0300
Served asset /bootstrap-collapse.js - 304 Not Modified (4ms)


Started GET "/assets/bootstrap-dropdown.js?body=1" for 127.0.0.1 at 2012-09-03 22:51:44 -0300


Started GET "/assets/bootstrap-modal.js?body=1" for 127.0.0.1 at 2012-09-03 22:51:44 -0300
Served asset /bootstrap-carousel.js - 304 Not Modified (10ms)
Served asset /bootstrap-transition.js - 304 Not Modified (21ms)
Served asset /bootstrap-dropdown.js - 304 Not Modified (0ms)
Served asset /bootstrap-modal.js - 304 Not Modified (4ms)


Started GET "/assets/bootstrap-scrollspy.js?body=1" for 127.0.0.1 at 2012-09-03 22:51:44 -0300


Started GET "/assets/bootstrap-tab.js?body=1" for 127.0.0.1 at 2012-09-03 22:51:44 -0300
Served asset /bootstrap-scrollspy.js - 304 Not Modified (0ms)
Served asset /bootstrap-tab.js - 304 Not Modified (4ms)


Started GET "/assets/bootstrap-tooltip.js?body=1" for 127.0.0.1 at 2012-09-03 22:51:44 -0300


Started GET "/assets/bootstrap-popover.js?body=1" for 127.0.0.1 at 2012-09-03 22:51:44 -0300
Served asset /bootstrap-tooltip.js - 304 Not Modified (0ms)
Served asset /bootstrap-popover.js - 304 Not Modified (0ms)


Started GET "/assets/bootstrap-typeahead.js?body=1" for 127.0.0.1 at 2012-09-03 22:51:44 -0300


Started GET "/assets/bootstrap.js?body=1" for 127.0.0.1 at 2012-09-03 22:51:44 -0300
Served asset /bootstrap-typeahead.js - 304 Not Modified (18ms)
Served asset /bootstrap.js - 304 Not Modified (42ms)


Started GET "/assets/bootstrap-button.js?body=1" for 127.0.0.1 at 2012-09-03 22:51:44 -0300
Served asset /bootstrap-button.js - 304 Not Modified (8ms)


Started GET "/users/sign_in" for 127.0.0.1 at 2012-09-03 22:51:57 -0300
Processing by Devise::SessionsController#new as HTML
  Rendered devise/shared/_links.html.erb (2.7ms)
  Rendered /home/sidriao/.rvm/gems/ruby-1.9.2-p290@loja/gems/devise-2.1.2/app/views/devise/sessions/new.html.erb within layouts/application (190.6ms)
  Rendered layouts/_navigation.html.erb (2.9ms)
  Rendered layouts/_messages.html.erb (0.8ms)
Completed 200 OK in 996ms (Views: 617.9ms | ActiveRecord: 58.7ms)


Started GET "/assets/bootstrap-transition.js?body=1" for 127.0.0.1 at 2012-09-03 22:51:58 -0300


Started GET "/assets/bootstrap-alert.js?body=1" for 127.0.0.1 at 2012-09-03 22:51:58 -0300


Started GET "/assets/bootstrap-button.js?body=1" for 127.0.0.1 at 2012-09-03 22:51:58 -0300
Served asset /bootstrap-alert.js - 304 Not Modified (4ms)


Started GET "/assets/bootstrap-carousel.js?body=1" for 127.0.0.1 at 2012-09-03 22:51:58 -0300


Started GET "/assets/bootstrap-collapse.js?body=1" for 127.0.0.1 at 2012-09-03 22:51:58 -0300
Served asset /bootstrap-collapse.js - 304 Not Modified (0ms)


Started GET "/assets/bootstrap-dropdown.js?body=1" for 127.0.0.1 at 2012-09-03 22:51:58 -0300
Served asset /bootstrap-carousel.js - 304 Not Modified (6ms)
Served asset /bootstrap-button.js - 304 Not Modified (19ms)


Started GET "/assets/bootstrap-modal.js?body=1" for 127.0.0.1 at 2012-09-03 22:51:58 -0300
Served asset /bootstrap-dropdown.js - 304 Not Modified (2ms)


Started GET "/assets/bootstrap-scrollspy.js?body=1" for 127.0.0.1 at 2012-09-03 22:51:58 -0300
Served asset /bootstrap-modal.js - 304 Not Modified (5ms)
Served asset /bootstrap-transition.js - 304 Not Modified (23ms)
Served asset /bootstrap-scrollspy.js - 304 Not Modified (0ms)


Started GET "/assets/bootstrap-tooltip.js?body=1" for 127.0.0.1 at 2012-09-03 22:51:58 -0300


Started GET "/assets/bootstrap-tab.js?body=1" for 127.0.0.1 at 2012-09-03 22:51:58 -0300


Started GET "/assets/bootstrap-typeahead.js?body=1" for 127.0.0.1 at 2012-09-03 22:51:58 -0300


Started GET "/assets/bootstrap-popover.js?body=1" for 127.0.0.1 at 2012-09-03 22:51:58 -0300
Served asset /bootstrap-typeahead.js - 304 Not Modified (0ms)


Started GET "/assets/bootstrap.js?body=1" for 127.0.0.1 at 2012-09-03 22:51:58 -0300
Served asset /bootstrap.js - 304 Not Modified (4ms)
Served asset /bootstrap-popover.js - 304 Not Modified (4ms)
Served asset /bootstrap-tab.js - 304 Not Modified (17ms)
Served asset /bootstrap-tooltip.js - 304 Not Modified (6ms)


Started GET "/users/sign_in" for 127.0.0.1 at 2012-09-03 22:52:00 -0300
Processing by Devise::SessionsController#new as HTML
  Rendered devise/shared/_links.html.erb (2.8ms)
  Rendered /home/sidriao/.rvm/gems/ruby-1.9.2-p290@loja/gems/devise-2.1.2/app/views/devise/sessions/new.html.erb within layouts/application (227.5ms)
  Rendered layouts/_navigation.html.erb (2.9ms)
  Rendered layouts/_messages.html.erb (0.9ms)
Completed 200 OK in 996ms (Views: 613.1ms | ActiveRecord: 60.0ms)


Started GET "/assets/bootstrap-transition.js?body=1" for 127.0.0.1 at 2012-09-03 22:52:01 -0300


Started GET "/assets/bootstrap-alert.js?body=1" for 127.0.0.1 at 2012-09-03 22:52:01 -0300
Served asset /bootstrap-transition.js - 304 Not Modified (8ms)


Started GET "/assets/bootstrap-button.js?body=1" for 127.0.0.1 at 2012-09-03 22:52:01 -0300


Started GET "/assets/bootstrap-carousel.js?body=1" for 127.0.0.1 at 2012-09-03 22:52:01 -0300
Served asset /bootstrap-button.js - 304 Not Modified (0ms)
Served asset /bootstrap-alert.js - 304 Not Modified (9ms)
Served asset /bootstrap-carousel.js - 304 Not Modified (0ms)


Started GET "/assets/bootstrap-collapse.js?body=1" for 127.0.0.1 at 2012-09-03 22:52:01 -0300


Started GET "/assets/bootstrap-dropdown.js?body=1" for 127.0.0.1 at 2012-09-03 22:52:01 -0300
Served asset /bootstrap-collapse.js - 304 Not Modified (4ms)


Started GET "/assets/bootstrap-scrollspy.js?body=1" for 127.0.0.1 at 2012-09-03 22:52:01 -0300


Started GET "/assets/bootstrap-tab.js?body=1" for 127.0.0.1 at 2012-09-03 22:52:01 -0300


Started GET "/assets/bootstrap-tooltip.js?body=1" for 127.0.0.1 at 2012-09-03 22:52:01 -0300


Started GET "/assets/bootstrap-popover.js?body=1" for 127.0.0.1 at 2012-09-03 22:52:01 -0300
Served asset /bootstrap-scrollspy.js - 304 Not Modified (0ms)
Served asset /bootstrap-tooltip.js - 304 Not Modified (6ms)


Started GET "/assets/bootstrap-modal.js?body=1" for 127.0.0.1 at 2012-09-03 22:52:01 -0300


Started GET "/assets/bootstrap-typeahead.js?body=1" for 127.0.0.1 at 2012-09-03 22:52:01 -0300
Served asset /bootstrap-tab.js - 304 Not Modified (7ms)
Served asset /bootstrap-popover.js - 304 Not Modified (16ms)
Served asset /bootstrap-typeahead.js - 304 Not Modified (1ms)


Started GET "/assets/bootstrap.js?body=1" for 127.0.0.1 at 2012-09-03 22:52:01 -0300
Served asset /bootstrap-modal.js - 304 Not Modified (10ms)
Served asset /bootstrap.js - 304 Not Modified (41ms)
Served asset /bootstrap-dropdown.js - 304 Not Modified (95ms)


Started POST "/users/sign_in" for 127.0.0.1 at 2012-09-03 22:52:32 -0300
Processing by Devise::SessionsController#create as HTML
  Parameters: {"utf8"=>"✓", "authenticity_token"=>"is5IrulPdGqKK33vOV/ITO02wSWeaJUuCCZbpse4GPo=", "user"=>{"email"=>"sidriao@hotmail.com", "password"=>"[FILTERED]", "remember_me"=>"0"}, "commit"=>"Sign in"}
  [1m[36mUser Load (1.7ms)[0m  [1mSELECT "users".* FROM "users" WHERE "users"."email" = 'sidriao@hotmail.com' LIMIT 1[0m
  [1m[35m (0.4ms)[0m  BEGIN
  [1m[36m (1.0ms)[0m  [1mUPDATE "users" SET "current_sign_in_at" = '2012-09-04 01:52:32.980039', "sign_in_count" = 2, "updated_at" = '2012-09-04 01:52:32.981643' WHERE "users"."id" = 1[0m
  [1m[35m (49.8ms)[0m  COMMIT
Redirected to http://localhost:3001/
Completed 302 Found in 538ms (ActiveRecord: 0.0ms)


Started GET "/" for 127.0.0.1 at 2012-09-03 22:52:33 -0300
  [1m[36mUser Load (0.9ms)[0m  [1mSELECT "users".* FROM "users" WHERE "users"."id" = 1 LIMIT 1[0m
Processing by HomeController#index as HTML
  [1m[35mUser Load (0.8ms)[0m  SELECT "users".* FROM "users" 
  Rendered home/index.html.erb within layouts/application (1.0ms)
  [1m[36m (1.6ms)[0m  [1mSELECT COUNT(*) FROM "roles" INNER JOIN "users_roles" ON "roles"."id" = "users_roles"."role_id" WHERE "users_roles"."user_id" = 1 AND (((roles.name = 'admin') AND (roles.resource_type IS NULL) AND (roles.resource_id IS NULL)))[0m
  Rendered layouts/_navigation.html.erb (364.3ms)
  Rendered layouts/_messages.html.erb (0.3ms)
Completed 200 OK in 459ms (Views: 449.1ms | ActiveRecord: 9.2ms)


Started GET "/assets/bootstrap-transition.js?body=1" for 127.0.0.1 at 2012-09-03 22:52:33 -0300
Served asset /bootstrap-transition.js - 304 Not Modified (0ms)


Started GET "/assets/bootstrap-alert.js?body=1" for 127.0.0.1 at 2012-09-03 22:52:33 -0300


Started GET "/assets/bootstrap-button.js?body=1" for 127.0.0.1 at 2012-09-03 22:52:33 -0300


Started GET "/assets/bootstrap-carousel.js?body=1" for 127.0.0.1 at 2012-09-03 22:52:33 -0300
Served asset /bootstrap-alert.js - 304 Not Modified (11ms)
Served asset /bootstrap-carousel.js - 304 Not Modified (9ms)


Started GET "/assets/bootstrap-collapse.js?body=1" for 127.0.0.1 at 2012-09-03 22:52:33 -0300


Started GET "/assets/bootstrap-dropdown.js?body=1" for 127.0.0.1 at 2012-09-03 22:52:33 -0300
Served asset /bootstrap-collapse.js - 304 Not Modified (0ms)
Served asset /bootstrap-button.js - 304 Not Modified (15ms)
Served asset /bootstrap-dropdown.js - 304 Not Modified (6ms)


Started GET "/assets/bootstrap-modal.js?body=1" for 127.0.0.1 at 2012-09-03 22:52:33 -0300


Started GET "/assets/bootstrap-scrollspy.js?body=1" for 127.0.0.1 at 2012-09-03 22:52:33 -0300


Started GET "/assets/bootstrap-tab.js?body=1" for 127.0.0.1 at 2012-09-03 22:52:33 -0300
Served asset /bootstrap-tab.js - 304 Not Modified (0ms)


Started GET "/assets/bootstrap-popover.js?body=1" for 127.0.0.1 at 2012-09-03 22:52:33 -0300


Started GET "/assets/bootstrap-tooltip.js?body=1" for 127.0.0.1 at 2012-09-03 22:52:33 -0300
Served asset /bootstrap-popover.js - 304 Not Modified (0ms)
Served asset /bootstrap-tooltip.js - 304 Not Modified (0ms)


Started GET "/assets/bootstrap-typeahead.js?body=1" for 127.0.0.1 at 2012-09-03 22:52:33 -0300
Served asset /bootstrap-modal.js - 304 Not Modified (0ms)
Served asset /bootstrap-scrollspy.js - 304 Not Modified (14ms)


Started GET "/assets/bootstrap.js?body=1" for 127.0.0.1 at 2012-09-03 22:52:33 -0300
Served asset /bootstrap-typeahead.js - 304 Not Modified (5ms)
Served asset /bootstrap.js - 304 Not Modified (4ms)


Started GET "/" for 127.0.0.1 at 2012-09-03 22:55:13 -0300
  [1m[36mUser Load (1.7ms)[0m  [1mSELECT "users".* FROM "users" WHERE "users"."id" = 1 LIMIT 1[0m
Processing by HomeController#index as HTML
  [1m[35mUser Load (0.8ms)[0m  SELECT "users".* FROM "users" 
  Rendered home/index.html.erb within layouts/application (2.4ms)
  [1m[36m (2.3ms)[0m  [1mSELECT COUNT(*) FROM "roles" INNER JOIN "users_roles" ON "roles"."id" = "users_roles"."role_id" WHERE "users_roles"."user_id" = 1 AND (((roles.name = 'admin') AND (roles.resource_type IS NULL) AND (roles.resource_id IS NULL)))[0m
  Rendered layouts/_navigation.html.erb (460.4ms)
  Rendered layouts/_messages.html.erb (0.1ms)
Completed 200 OK in 567ms (Views: 554.9ms | ActiveRecord: 9.9ms)


Started GET "/assets/bootstrap-transition.js?body=1" for 127.0.0.1 at 2012-09-03 22:55:14 -0300
Served asset /bootstrap-transition.js - 304 Not Modified (0ms)


Started GET "/assets/bootstrap-alert.js?body=1" for 127.0.0.1 at 2012-09-03 22:55:14 -0300
Served asset /bootstrap-alert.js - 304 Not Modified (0ms)


Started GET "/assets/bootstrap-button.js?body=1" for 127.0.0.1 at 2012-09-03 22:55:14 -0300
Served asset /bootstrap-button.js - 304 Not Modified (0ms)


Started GET "/assets/bootstrap-carousel.js?body=1" for 127.0.0.1 at 2012-09-03 22:55:14 -0300


Started GET "/assets/bootstrap-collapse.js?body=1" for 127.0.0.1 at 2012-09-03 22:55:14 -0300


Started GET "/assets/bootstrap-dropdown.js?body=1" for 127.0.0.1 at 2012-09-03 22:55:14 -0300
Served asset /bootstrap-dropdown.js - 304 Not Modified (0ms)
Served asset /bootstrap-carousel.js - 304 Not Modified (4ms)
Served asset /bootstrap-collapse.js - 304 Not Modified (0ms)


Started GET "/assets/bootstrap-modal.js?body=1" for 127.0.0.1 at 2012-09-03 22:55:14 -0300


Started GET "/assets/bootstrap-scrollspy.js?body=1" for 127.0.0.1 at 2012-09-03 22:55:14 -0300


Started GET "/assets/bootstrap-tab.js?body=1" for 127.0.0.1 at 2012-09-03 22:55:14 -0300
Served asset /bootstrap-modal.js - 304 Not Modified (0ms)


Started GET "/assets/bootstrap-tooltip.js?body=1" for 127.0.0.1 at 2012-09-03 22:55:14 -0300
Served asset /bootstrap-tab.js - 304 Not Modified (8ms)


Started GET "/assets/bootstrap-popover.js?body=1" for 127.0.0.1 at 2012-09-03 22:55:14 -0300
Served asset /bootstrap-popover.js - 304 Not Modified (0ms)
Served asset /bootstrap-tooltip.js - 304 Not Modified (4ms)
Served asset /bootstrap-scrollspy.js - 304 Not Modified (20ms)


Started GET "/assets/bootstrap.js?body=1" for 127.0.0.1 at 2012-09-03 22:55:14 -0300


Started GET "/assets/bootstrap-typeahead.js?body=1" for 127.0.0.1 at 2012-09-03 22:55:14 -0300
Served asset /bootstrap-typeahead.js - 304 Not Modified (0ms)
Served asset /bootstrap.js - 304 Not Modified (76ms)
Connecting to database specified by database.yml


Started HEAD "/" for 127.0.0.1 at 2012-09-03 22:55:48 -0300


Started GET "/" for 127.0.0.1 at 2012-09-03 22:55:48 -0300
Processing by HomeController#index as HTML
  [1m[36mUser Load (1.5ms)[0m  [1mSELECT "users".* FROM "users" [0m
  [1m[36mUser Load (4.0ms)[0m  [1mSELECT "users".* FROM "users" WHERE "users"."id" = 1 LIMIT 1[0m
Processing by HomeController#index as HTML
  [1m[35mUser Load (0.8ms)[0m  SELECT "users".* FROM "users" 
  Rendered home/index.html.erb within layouts/application (77.3ms)
  Rendered layouts/_navigation.html.erb (2.9ms)
  Rendered layouts/_messages.html.erb (0.8ms)
Completed 200 OK in 972ms (Views: 568.6ms | ActiveRecord: 101.9ms)
  Rendered home/index.html.erb within layouts/application (141.9ms)
  [1m[36m (2.1ms)[0m  [1mSELECT COUNT(*) FROM "roles" INNER JOIN "users_roles" ON "roles"."id" = "users_roles"."role_id" WHERE "users_roles"."user_id" = 1 AND (((roles.name = 'admin') AND (roles.resource_type IS NULL) AND (roles.resource_id IS NULL)))[0m
  Rendered layouts/_navigation.html.erb (455.5ms)
  Rendered layouts/_messages.html.erb (0.9ms)
Completed 200 OK in 1066ms (Views: 1054.9ms | ActiveRecord: 9.4ms)


Started GET "/assets/bootstrap-transition.js?body=1" for 127.0.0.1 at 2012-09-03 22:55:50 -0300
Served asset /bootstrap-transition.js - 304 Not Modified (4ms)


Started GET "/assets/bootstrap-alert.js?body=1" for 127.0.0.1 at 2012-09-03 22:55:50 -0300


Started GET "/assets/bootstrap-button.js?body=1" for 127.0.0.1 at 2012-09-03 22:55:50 -0300
Served asset /bootstrap-button.js - 304 Not Modified (9ms)


Started GET "/assets/bootstrap-carousel.js?body=1" for 127.0.0.1 at 2012-09-03 22:55:50 -0300
Served asset /bootstrap-alert.js - 304 Not Modified (17ms)


Started GET "/assets/bootstrap-dropdown.js?body=1" for 127.0.0.1 at 2012-09-03 22:55:50 -0300
Served asset /bootstrap-carousel.js - 304 Not Modified (12ms)


Started GET "/assets/bootstrap-modal.js?body=1" for 127.0.0.1 at 2012-09-03 22:55:50 -0300
Served asset /bootstrap-dropdown.js - 304 Not Modified (16ms)


Started GET "/assets/bootstrap-scrollspy.js?body=1" for 127.0.0.1 at 2012-09-03 22:55:50 -0300
Served asset /bootstrap-modal.js - 304 Not Modified (24ms)


Started GET "/assets/bootstrap-tab.js?body=1" for 127.0.0.1 at 2012-09-03 22:55:50 -0300
Served asset /bootstrap-scrollspy.js - 304 Not Modified (16ms)


Started GET "/assets/bootstrap-popover.js?body=1" for 127.0.0.1 at 2012-09-03 22:55:50 -0300
Served asset /bootstrap-tab.js - 304 Not Modified (15ms)
Served asset /bootstrap-popover.js - 304 Not Modified (15ms)


Started GET "/assets/bootstrap-typeahead.js?body=1" for 127.0.0.1 at 2012-09-03 22:55:50 -0300


Started GET "/assets/bootstrap.js?body=1" for 127.0.0.1 at 2012-09-03 22:55:50 -0300
Served asset /bootstrap-typeahead.js - 304 Not Modified (25ms)
Served asset /bootstrap.js - 304 Not Modified (73ms)


Started GET "/assets/bootstrap-collapse.js?body=1" for 127.0.0.1 at 2012-09-03 22:55:50 -0300


Started GET "/assets/bootstrap-tooltip.js?body=1" for 127.0.0.1 at 2012-09-03 22:55:50 -0300
Served asset /bootstrap-collapse.js - 304 Not Modified (10ms)
Served asset /bootstrap-tooltip.js - 304 Not Modified (8ms)


Started GET "/" for 127.0.0.1 at 2012-09-03 22:58:45 -0300
  [1m[36mUser Load (1.7ms)[0m  [1mSELECT "users".* FROM "users" WHERE "users"."id" = 1 LIMIT 1[0m
Processing by HomeController#index as HTML
  [1m[35mUser Load (0.8ms)[0m  SELECT "users".* FROM "users" 
  Rendered home/index.html.erb within layouts/application (72.1ms)
  [1m[36m (2.3ms)[0m  [1mSELECT COUNT(*) FROM "roles" INNER JOIN "users_roles" ON "roles"."id" = "users_roles"."role_id" WHERE "users_roles"."user_id" = 1 AND (((roles.name = 'admin') AND (roles.resource_type IS NULL) AND (roles.resource_id IS NULL)))[0m
  Rendered layouts/_navigation.html.erb (457.7ms)
  Rendered layouts/_messages.html.erb (0.9ms)
Completed 200 OK in 984ms (Views: 972.0ms | ActiveRecord: 9.7ms)


Started GET "/assets/bootstrap-transition.js?body=1" for 127.0.0.1 at 2012-09-03 22:58:46 -0300


Started GET "/assets/bootstrap-alert.js?body=1" for 127.0.0.1 at 2012-09-03 22:58:46 -0300


Started GET "/assets/bootstrap-button.js?body=1" for 127.0.0.1 at 2012-09-03 22:58:46 -0300


Started GET "/assets/bootstrap-carousel.js?body=1" for 127.0.0.1 at 2012-09-03 22:58:46 -0300
Served asset /bootstrap-alert.js - 304 Not Modified (11ms)
Served asset /bootstrap-carousel.js - 304 Not Modified (0ms)


Started GET "/assets/bootstrap-dropdown.js?body=1" for 127.0.0.1 at 2012-09-03 22:58:46 -0300
Served asset /bootstrap-transition.js - 304 Not Modified (18ms)
Served asset /bootstrap-button.js - 304 Not Modified (10ms)


Started GET "/assets/bootstrap-modal.js?body=1" for 127.0.0.1 at 2012-09-03 22:58:47 -0300


Started GET "/assets/bootstrap-tab.js?body=1" for 127.0.0.1 at 2012-09-03 22:58:47 -0300
Served asset /bootstrap-tab.js - 304 Not Modified (0ms)


Started GET "/assets/bootstrap-scrollspy.js?body=1" for 127.0.0.1 at 2012-09-03 22:58:47 -0300


Started GET "/assets/bootstrap-tooltip.js?body=1" for 127.0.0.1 at 2012-09-03 22:58:47 -0300
Served asset /bootstrap-scrollspy.js - 304 Not Modified (0ms)
Served asset /bootstrap-dropdown.js - 304 Not Modified (29ms)


Started GET "/assets/bootstrap-popover.js?body=1" for 127.0.0.1 at 2012-09-03 22:58:47 -0300
Served asset /bootstrap-modal.js - 304 Not Modified (23ms)
Served asset /bootstrap-tooltip.js - 304 Not Modified (9ms)
Served asset /bootstrap-popover.js - 304 Not Modified (0ms)


Started GET "/assets/bootstrap-typeahead.js?body=1" for 127.0.0.1 at 2012-09-03 22:58:47 -0300
Served asset /bootstrap-typeahead.js - 304 Not Modified (12ms)


Started GET "/assets/bootstrap.js?body=1" for 127.0.0.1 at 2012-09-03 22:58:47 -0300
Served asset /bootstrap.js - 304 Not Modified (36ms)


Started GET "/assets/bootstrap-collapse.js?body=1" for 127.0.0.1 at 2012-09-03 22:58:47 -0300
Served asset /bootstrap-collapse.js - 304 Not Modified (9ms)


Started GET "/users/edit" for 127.0.0.1 at 2012-09-03 22:58:54 -0300
Processing by Devise::RegistrationsController#edit as HTML
  [1m[36mUser Load (1.6ms)[0m  [1mSELECT "users".* FROM "users" WHERE "users"."id" = 1 LIMIT 1[0m
  Rendered devise/registrations/edit.html.erb within layouts/application (154.7ms)
  [1m[35m (2.3ms)[0m  SELECT COUNT(*) FROM "roles" INNER JOIN "users_roles" ON "roles"."id" = "users_roles"."role_id" WHERE "users_roles"."user_id" = 1 AND (((roles.name = 'admin') AND (roles.resource_type IS NULL) AND (roles.resource_id IS NULL)))
  Rendered layouts/_navigation.html.erb (454.8ms)
  Rendered layouts/_messages.html.erb (1.5ms)
Completed 200 OK in 1539ms (Views: 1014.9ms | ActiveRecord: 70.9ms)


Started GET "/assets/bootstrap-transition.js?body=1" for 127.0.0.1 at 2012-09-03 22:58:56 -0300


Started GET "/assets/bootstrap-alert.js?body=1" for 127.0.0.1 at 2012-09-03 22:58:56 -0300
Served asset /bootstrap-transition.js - 304 Not Modified (5ms)
Served asset /bootstrap-alert.js - 304 Not Modified (0ms)


Started GET "/assets/bootstrap-carousel.js?body=1" for 127.0.0.1 at 2012-09-03 22:58:56 -0300


Started GET "/assets/bootstrap-collapse.js?body=1" for 127.0.0.1 at 2012-09-03 22:58:56 -0300


Started GET "/assets/bootstrap-dropdown.js?body=1" for 127.0.0.1 at 2012-09-03 22:58:56 -0300


Started GET "/assets/bootstrap-modal.js?body=1" for 127.0.0.1 at 2012-09-03 22:58:56 -0300


Started GET "/assets/bootstrap-scrollspy.js?body=1" for 127.0.0.1 at 2012-09-03 22:58:56 -0300
Served asset /bootstrap-collapse.js - 304 Not Modified (0ms)
Served asset /bootstrap-modal.js - 304 Not Modified (14ms)
Served asset /bootstrap-carousel.js - 304 Not Modified (13ms)
Served asset /bootstrap-scrollspy.js - 304 Not Modified (12ms)
Served asset /bootstrap-dropdown.js - 304 Not Modified (12ms)


Started GET "/assets/bootstrap-tab.js?body=1" for 127.0.0.1 at 2012-09-03 22:58:56 -0300


Started GET "/assets/bootstrap-tooltip.js?body=1" for 127.0.0.1 at 2012-09-03 22:58:56 -0300


Started GET "/assets/bootstrap-popover.js?body=1" for 127.0.0.1 at 2012-09-03 22:58:56 -0300
Served asset /bootstrap-popover.js - 304 Not Modified (0ms)
Served asset /bootstrap-tab.js - 304 Not Modified (5ms)


Started GET "/assets/bootstrap-typeahead.js?body=1" for 127.0.0.1 at 2012-09-03 22:58:56 -0300


Started GET "/assets/bootstrap.js?body=1" for 127.0.0.1 at 2012-09-03 22:58:56 -0300
Served asset /bootstrap-typeahead.js - 304 Not Modified (1ms)
Served asset /bootstrap-tooltip.js - 304 Not Modified (0ms)
Served asset /bootstrap.js - 304 Not Modified (49ms)


Started GET "/assets/bootstrap-button.js?body=1" for 127.0.0.1 at 2012-09-03 22:58:56 -0300
Served asset /bootstrap-button.js - 304 Not Modified (8ms)


Started GET "/home" for 127.0.0.1 at 2012-09-03 22:59:44 -0300

ActionController::RoutingError (No route matches [GET] "/home"):
  actionpack (3.2.8) lib/action_dispatch/middleware/debug_exceptions.rb:21:in `call'
  actionpack (3.2.8) lib/action_dispatch/middleware/show_exceptions.rb:56:in `call'
  railties (3.2.8) lib/rails/rack/logger.rb:26:in `call_app'
  railties (3.2.8) lib/rails/rack/logger.rb:16:in `call'
  actionpack (3.2.8) lib/action_dispatch/middleware/request_id.rb:22:in `call'
  rack (1.4.1) lib/rack/methodoverride.rb:21:in `call'
  rack (1.4.1) lib/rack/runtime.rb:17:in `call'
  activesupport (3.2.8) lib/active_support/cache/strategy/local_cache.rb:72:in `call'
  rack (1.4.1) lib/rack/lock.rb:15:in `call'
  actionpack (3.2.8) lib/action_dispatch/middleware/static.rb:62:in `call'
  railties (3.2.8) lib/rails/engine.rb:479:in `call'
  railties (3.2.8) lib/rails/application.rb:223:in `call'
  railties (3.2.8) lib/rails/railtie/configurable.rb:30:in `method_missing'
  /home/sidriao/.passenger/standalone/3.0.17-x86-ruby1.9.2-linux-gcc4.4.3-1002/support/lib/phusion_passenger/rack/request_handler.rb:96:in `process_request'
  /home/sidriao/.passenger/standalone/3.0.17-x86-ruby1.9.2-linux-gcc4.4.3-1002/support/lib/phusion_passenger/abstract_request_handler.rb:516:in `accept_and_process_next_request'
  /home/sidriao/.passenger/standalone/3.0.17-x86-ruby1.9.2-linux-gcc4.4.3-1002/support/lib/phusion_passenger/abstract_request_handler.rb:274:in `main_loop'
  /home/sidriao/.passenger/standalone/3.0.17-x86-ruby1.9.2-linux-gcc4.4.3-1002/support/lib/phusion_passenger/rack/application_spawner.rb:206:in `start_request_handler'
  /home/sidriao/.passenger/standalone/3.0.17-x86-ruby1.9.2-linux-gcc4.4.3-1002/support/lib/phusion_passenger/rack/application_spawner.rb:171:in `block in handle_spawn_application'
  /home/sidriao/.passenger/standalone/3.0.17-x86-ruby1.9.2-linux-gcc4.4.3-1002/support/lib/phusion_passenger/utils.rb:470:in `safe_fork'
  /home/sidriao/.passenger/standalone/3.0.17-x86-ruby1.9.2-linux-gcc4.4.3-1002/support/lib/phusion_passenger/rack/application_spawner.rb:166:in `handle_spawn_application'
  /home/sidriao/.passenger/standalone/3.0.17-x86-ruby1.9.2-linux-gcc4.4.3-1002/support/lib/phusion_passenger/abstract_server.rb:357:in `server_main_loop'
  /home/sidriao/.passenger/standalone/3.0.17-x86-ruby1.9.2-linux-gcc4.4.3-1002/support/lib/phusion_passenger/abstract_server.rb:206:in `start_synchronously'
  /home/sidriao/.passenger/standalone/3.0.17-x86-ruby1.9.2-linux-gcc4.4.3-1002/support/lib/phusion_passenger/abstract_server.rb:180:in `start'
  /home/sidriao/.passenger/standalone/3.0.17-x86-ruby1.9.2-linux-gcc4.4.3-1002/support/lib/phusion_passenger/rack/application_spawner.rb:129:in `start'
  /home/sidriao/.passenger/standalone/3.0.17-x86-ruby1.9.2-linux-gcc4.4.3-1002/support/lib/phusion_passenger/spawn_manager.rb:253:in `block (2 levels) in spawn_rack_application'
  /home/sidriao/.passenger/standalone/3.0.17-x86-ruby1.9.2-linux-gcc4.4.3-1002/support/lib/phusion_passenger/abstract_server_collection.rb:132:in `lookup_or_add'
  /home/sidriao/.passenger/standalone/3.0.17-x86-ruby1.9.2-linux-gcc4.4.3-1002/support/lib/phusion_passenger/spawn_manager.rb:246:in `block in spawn_rack_application'
  /home/sidriao/.passenger/standalone/3.0.17-x86-ruby1.9.2-linux-gcc4.4.3-1002/support/lib/phusion_passenger/abstract_server_collection.rb:82:in `block in synchronize'
  <internal:prelude>:10:in `synchronize'
  /home/sidriao/.passenger/standalone/3.0.17-x86-ruby1.9.2-linux-gcc4.4.3-1002/support/lib/phusion_passenger/abstract_server_collection.rb:79:in `synchronize'
  /home/sidriao/.passenger/standalone/3.0.17-x86-ruby1.9.2-linux-gcc4.4.3-1002/support/lib/phusion_passenger/spawn_manager.rb:244:in `spawn_rack_application'
  /home/sidriao/.passenger/standalone/3.0.17-x86-ruby1.9.2-linux-gcc4.4.3-1002/support/lib/phusion_passenger/spawn_manager.rb:137:in `spawn_application'
  /home/sidriao/.passenger/standalone/3.0.17-x86-ruby1.9.2-linux-gcc4.4.3-1002/support/lib/phusion_passenger/spawn_manager.rb:275:in `handle_spawn_application'
  /home/sidriao/.passenger/standalone/3.0.17-x86-ruby1.9.2-linux-gcc4.4.3-1002/support/lib/phusion_passenger/abstract_server.rb:357:in `server_main_loop'
  /home/sidriao/.passenger/standalone/3.0.17-x86-ruby1.9.2-linux-gcc4.4.3-1002/support/lib/phusion_passenger/abstract_server.rb:206:in `start_synchronously'
  /home/sidriao/.passenger/standalone/3.0.17-x86-ruby1.9.2-linux-gcc4.4.3-1002/support/helper-scripts/passenger-spawn-server:99:in `<main>'


  Rendered /home/sidriao/.rvm/gems/ruby-1.9.2-p290@loja/gems/actionpack-3.2.8/lib/action_dispatch/middleware/templates/rescues/routing_error.erb within rescues/layout (68.8ms)


Started GET "/" for 127.0.0.1 at 2012-09-03 22:59:56 -0300
  [1m[36mUser Load (1.7ms)[0m  [1mSELECT "users".* FROM "users" WHERE "users"."id" = 1 LIMIT 1[0m
Processing by HomeController#index as HTML
  [1m[35mUser Load (0.8ms)[0m  SELECT "users".* FROM "users" 
  Rendered home/index.html.erb within layouts/application (3.7ms)
  [1m[36m (2.4ms)[0m  [1mSELECT COUNT(*) FROM "roles" INNER JOIN "users_roles" ON "roles"."id" = "users_roles"."role_id" WHERE "users_roles"."user_id" = 1 AND (((roles.name = 'admin') AND (roles.resource_type IS NULL) AND (roles.resource_id IS NULL)))[0m
  Rendered layouts/_navigation.html.erb (454.5ms)
  Rendered layouts/_messages.html.erb (1.0ms)
Completed 200 OK in 669ms (Views: 657.2ms | ActiveRecord: 9.6ms)


Started GET "/assets/bootstrap-transition.js?body=1" for 127.0.0.1 at 2012-09-03 22:59:57 -0300
Served asset /bootstrap-transition.js - 304 Not Modified (4ms)


Started GET "/assets/bootstrap-alert.js?body=1" for 127.0.0.1 at 2012-09-03 22:59:57 -0300


Started GET "/assets/bootstrap-button.js?body=1" for 127.0.0.1 at 2012-09-03 22:59:57 -0300
Served asset /bootstrap-button.js - 304 Not Modified (0ms)


Started GET "/assets/bootstrap-carousel.js?body=1" for 127.0.0.1 at 2012-09-03 22:59:57 -0300
Served asset /bootstrap-alert.js - 304 Not Modified (8ms)


Started GET "/assets/bootstrap-collapse.js?body=1" for 127.0.0.1 at 2012-09-03 22:59:57 -0300
Served asset /bootstrap-carousel.js - 304 Not Modified (0ms)
Served asset /bootstrap-collapse.js - 304 Not Modified (0ms)


Started GET "/assets/bootstrap-scrollspy.js?body=1" for 127.0.0.1 at 2012-09-03 22:59:57 -0300


Started GET "/assets/bootstrap-tab.js?body=1" for 127.0.0.1 at 2012-09-03 22:59:57 -0300


Started GET "/assets/bootstrap-tooltip.js?body=1" for 127.0.0.1 at 2012-09-03 22:59:57 -0300
Served asset /bootstrap-scrollspy.js - 304 Not Modified (4ms)


Started GET "/assets/bootstrap-dropdown.js?body=1" for 127.0.0.1 at 2012-09-03 22:59:57 -0300


Started GET "/assets/bootstrap-modal.js?body=1" for 127.0.0.1 at 2012-09-03 22:59:57 -0300
Served asset /bootstrap-modal.js - 304 Not Modified (0ms)
Served asset /bootstrap-dropdown.js - 304 Not Modified (5ms)
Served asset /bootstrap-tooltip.js - 304 Not Modified (13ms)
Served asset /bootstrap-tab.js - 304 Not Modified (19ms)


Started GET "/assets/bootstrap-popover.js?body=1" for 127.0.0.1 at 2012-09-03 22:59:57 -0300


Started GET "/assets/bootstrap-typeahead.js?body=1" for 127.0.0.1 at 2012-09-03 22:59:57 -0300


Started GET "/assets/bootstrap.js?body=1" for 127.0.0.1 at 2012-09-03 22:59:57 -0300
Served asset /bootstrap-popover.js - 304 Not Modified (7ms)
Served asset /bootstrap-typeahead.js - 304 Not Modified (0ms)
Served asset /bootstrap.js - 304 Not Modified (3ms)


Started GET "/" for 127.0.0.1 at 2012-09-03 23:01:36 -0300
  [1m[35mUser Load (1.2ms)[0m  SELECT "users".* FROM "users" WHERE "users"."id" = 1 LIMIT 1
Processing by HomeController#index as HTML
  [1m[36mUser Load (1.0ms)[0m  [1mSELECT "users".* FROM "users" [0m
  Rendered home/index.html.erb within layouts/application (2.2ms)
  [1m[35m (2.8ms)[0m  SELECT COUNT(*) FROM "roles" INNER JOIN "users_roles" ON "roles"."id" = "users_roles"."role_id" WHERE "users_roles"."user_id" = 1 AND (((roles.name = 'admin') AND (roles.resource_type IS NULL) AND (roles.resource_id IS NULL)))
  Rendered layouts/_navigation.html.erb (458.0ms)
  Rendered layouts/_messages.html.erb (0.2ms)
Completed 200 OK in 562ms (Views: 549.5ms | ActiveRecord: 10.4ms)


Started GET "/assets/bootstrap-transition.js?body=1" for 127.0.0.1 at 2012-09-03 23:01:37 -0300


Started GET "/assets/bootstrap-carousel.js?body=1" for 127.0.0.1 at 2012-09-03 23:01:37 -0300


Started GET "/assets/bootstrap-alert.js?body=1" for 127.0.0.1 at 2012-09-03 23:01:37 -0300


Started GET "/assets/bootstrap-collapse.js?body=1" for 127.0.0.1 at 2012-09-03 23:01:37 -0300
Served asset /bootstrap-alert.js - 304 Not Modified (0ms)


Started GET "/assets/bootstrap-dropdown.js?body=1" for 127.0.0.1 at 2012-09-03 23:01:37 -0300


Started GET "/assets/bootstrap-button.js?body=1" for 127.0.0.1 at 2012-09-03 23:01:37 -0300
Served asset /bootstrap-collapse.js - 304 Not Modified (0ms)
Served asset /bootstrap-carousel.js - 304 Not Modified (0ms)
Served asset /bootstrap-button.js - 304 Not Modified (10ms)
Served asset /bootstrap-transition.js - 304 Not Modified (17ms)
Served asset /bootstrap-dropdown.js - 304 Not Modified (18ms)


Started GET "/assets/bootstrap-scrollspy.js?body=1" for 127.0.0.1 at 2012-09-03 23:01:37 -0300


Started GET "/assets/bootstrap-modal.js?body=1" for 127.0.0.1 at 2012-09-03 23:01:37 -0300
Served asset /bootstrap-scrollspy.js - 304 Not Modified (0ms)


Started GET "/assets/bootstrap-tooltip.js?body=1" for 127.0.0.1 at 2012-09-03 23:01:37 -0300


Started GET "/assets/bootstrap-tab.js?body=1" for 127.0.0.1 at 2012-09-03 23:01:37 -0300
Served asset /bootstrap-tab.js - 304 Not Modified (0ms)
Served asset /bootstrap-tooltip.js - 304 Not Modified (0ms)


Started GET "/assets/bootstrap-popover.js?body=1" for 127.0.0.1 at 2012-09-03 23:01:37 -0300


Started GET "/assets/bootstrap-typeahead.js?body=1" for 127.0.0.1 at 2012-09-03 23:01:37 -0300


Started GET "/assets/bootstrap.js?body=1" for 127.0.0.1 at 2012-09-03 23:01:37 -0300
Served asset /bootstrap-modal.js - 304 Not Modified (14ms)
Served asset /bootstrap-popover.js - 304 Not Modified (9ms)
Served asset /bootstrap-typeahead.js - 304 Not Modified (18ms)
Served asset /bootstrap.js - 304 Not Modified (33ms)
Connecting to database specified by database.yml


Started HEAD "/" for 127.0.0.1 at 2012-09-03 23:04:58 -0300


Started GET "/" for 127.0.0.1 at 2012-09-03 23:04:58 -0300


Started GET "/" for 127.0.0.1 at 2012-09-03 23:04:58 -0300
Processing by HomeController#index as HTML
  [1m[36mUser Load (1.7ms)[0m  [1mSELECT "users".* FROM "users" [0m
  [1m[36mUser Load (5.6ms)[0m  [1mSELECT "users".* FROM "users" WHERE "users"."id" = 1 LIMIT 1[0m
  [1m[36mUser Load (1.9ms)[0m  [1mSELECT "users".* FROM "users" WHERE "users"."id" = 1 LIMIT 1[0m
  Rendered home/index.html.erb within layouts/application (136.9ms)
Processing by HomeController#index as HTML
  [1m[35mUser Load (7.1ms)[0m  SELECT "users".* FROM "users" 
Processing by HomeController#index as HTML
  [1m[35mUser Load (1.7ms)[0m  SELECT "users".* FROM "users" 
  Rendered layouts/_navigation.html.erb (3.5ms)
  Rendered layouts/_messages.html.erb (0.9ms)
Completed 200 OK in 1361ms (Views: 798.0ms | ActiveRecord: 153.9ms)
  Rendered home/index.html.erb within layouts/application (132.3ms)
  Rendered home/index.html.erb within layouts/application (166.6ms)
  [1m[36m (2.1ms)[0m  [1mSELECT COUNT(*) FROM "roles" INNER JOIN "users_roles" ON "roles"."id" = "users_roles"."role_id" WHERE "users_roles"."user_id" = 1 AND (((roles.name = 'admin') AND (roles.resource_type IS NULL) AND (roles.resource_id IS NULL)))[0m
  Rendered layouts/_navigation.html.erb (527.6ms)
  Rendered layouts/_messages.html.erb (1.0ms)
Completed 200 OK in 1185ms (Views: 1170.6ms | ActiveRecord: 10.6ms)


Started GET "/assets/application.css?body=1" for 127.0.0.1 at 2012-09-03 23:05:01 -0300


Started GET "/assets/bootstrap_and_overrides.css?body=1" for 127.0.0.1 at 2012-09-03 23:05:01 -0300
Served asset /application.css - 200 OK (61ms)


Started GET "/assets/jquery.js?body=1" for 127.0.0.1 at 2012-09-03 23:05:01 -0300
Served asset /bootstrap_and_overrides.css - 200 OK (68ms)


Started GET "/assets/jquery_ujs.js?body=1" for 127.0.0.1 at 2012-09-03 23:05:01 -0300
Served asset /jquery.js - 200 OK (41ms)
Served asset /jquery_ujs.js - 200 OK (18ms)


Started GET "/assets/bootstrap-alert.js?body=1" for 127.0.0.1 at 2012-09-03 23:05:01 -0300


Started GET "/assets/bootstrap-button.js?body=1" for 127.0.0.1 at 2012-09-03 23:05:01 -0300
Served asset /bootstrap-button.js - 200 OK (7ms)
Served asset /bootstrap-alert.js - 200 OK (28ms)


Started GET "/assets/bootstrap-collapse.js?body=1" for 127.0.0.1 at 2012-09-03 23:05:01 -0300
Served asset /bootstrap-collapse.js - 200 OK (5ms)


Started GET "/assets/bootstrap-dropdown.js?body=1" for 127.0.0.1 at 2012-09-03 23:05:01 -0300


Started GET "/assets/bootstrap-modal.js?body=1" for 127.0.0.1 at 2012-09-03 23:05:01 -0300
Served asset /bootstrap-dropdown.js - 200 OK (23ms)


Started GET "/assets/bootstrap-scrollspy.js?body=1" for 127.0.0.1 at 2012-09-03 23:05:01 -0300
Served asset /bootstrap-scrollspy.js - 200 OK (19ms)


Started GET "/assets/bootstrap-tab.js?body=1" for 127.0.0.1 at 2012-09-03 23:05:01 -0300
Served asset /bootstrap-tab.js - 200 OK (10ms)


Started GET "/assets/bootstrap-tooltip.js?body=1" for 127.0.0.1 at 2012-09-03 23:05:01 -0300
Served asset /bootstrap-tooltip.js - 200 OK (11ms)


Started GET "/assets/bootstrap-popover.js?body=1" for 127.0.0.1 at 2012-09-03 23:05:01 -0300
Served asset /bootstrap-popover.js - 200 OK (4ms)


Started GET "/assets/bootstrap-typeahead.js?body=1" for 127.0.0.1 at 2012-09-03 23:05:01 -0300
Served asset /bootstrap-typeahead.js - 200 OK (4ms)


Started GET "/assets/bootstrap.js?body=1" for 127.0.0.1 at 2012-09-03 23:05:01 -0300
Served asset /bootstrap-modal.js - 200 OK (204ms)


Started GET "/assets/home.js?body=1" for 127.0.0.1 at 2012-09-03 23:05:01 -0300
Served asset /home.js - 200 OK (11ms)
  [1m[36m (3.1ms)[0m  [1mSELECT COUNT(*) FROM "roles" INNER JOIN "users_roles" ON "roles"."id" = "users_roles"."role_id" WHERE "users_roles"."user_id" = 1 AND (((roles.name = 'admin') AND (roles.resource_type IS NULL) AND (roles.resource_id IS NULL)))[0m
  Rendered layouts/_navigation.html.erb (1011.6ms)


Started GET "/assets/application.js?body=1" for 127.0.0.1 at 2012-09-03 23:05:01 -0300
  Rendered layouts/_messages.html.erb (8.6ms)
Completed 200 OK in 1801ms (Views: 1770.7ms | ActiveRecord: 27.1ms)


Started GET "/assets/home.css?body=1" for 127.0.0.1 at 2012-09-03 23:05:01 -0300
Served asset /bootstrap.js - 200 OK (107ms)
Served asset /application.js - 200 OK (141ms)


Started GET "/assets/bootstrap-transition.js?body=1" for 127.0.0.1 at 2012-09-03 23:05:01 -0300


Started GET "/assets/bootstrap-carousel.js?body=1" for 127.0.0.1 at 2012-09-03 23:05:01 -0300
Served asset /home.css - 200 OK (7ms)
Served asset /bootstrap-transition.js - 200 OK (11ms)
Served asset /bootstrap-carousel.js - 200 OK (9ms)


Started GET "/roles" for 127.0.0.1 at 2012-09-03 23:05:31 -0300

ActionController::RoutingError (No route matches [GET] "/roles"):
  actionpack (3.2.8) lib/action_dispatch/middleware/debug_exceptions.rb:21:in `call'
  actionpack (3.2.8) lib/action_dispatch/middleware/show_exceptions.rb:56:in `call'
  railties (3.2.8) lib/rails/rack/logger.rb:26:in `call_app'
  railties (3.2.8) lib/rails/rack/logger.rb:16:in `call'
  actionpack (3.2.8) lib/action_dispatch/middleware/request_id.rb:22:in `call'
  rack (1.4.1) lib/rack/methodoverride.rb:21:in `call'
  rack (1.4.1) lib/rack/runtime.rb:17:in `call'
  activesupport (3.2.8) lib/active_support/cache/strategy/local_cache.rb:72:in `call'
  rack (1.4.1) lib/rack/lock.rb:15:in `call'
  actionpack (3.2.8) lib/action_dispatch/middleware/static.rb:62:in `call'
  railties (3.2.8) lib/rails/engine.rb:479:in `call'
  railties (3.2.8) lib/rails/application.rb:223:in `call'
  railties (3.2.8) lib/rails/railtie/configurable.rb:30:in `method_missing'
  /home/sidriao/.passenger/standalone/3.0.17-x86-ruby1.9.2-linux-gcc4.4.3-1002/support/lib/phusion_passenger/rack/request_handler.rb:96:in `process_request'
  /home/sidriao/.passenger/standalone/3.0.17-x86-ruby1.9.2-linux-gcc4.4.3-1002/support/lib/phusion_passenger/abstract_request_handler.rb:516:in `accept_and_process_next_request'
  /home/sidriao/.passenger/standalone/3.0.17-x86-ruby1.9.2-linux-gcc4.4.3-1002/support/lib/phusion_passenger/abstract_request_handler.rb:274:in `main_loop'
  /home/sidriao/.passenger/standalone/3.0.17-x86-ruby1.9.2-linux-gcc4.4.3-1002/support/lib/phusion_passenger/rack/application_spawner.rb:206:in `start_request_handler'
  /home/sidriao/.passenger/standalone/3.0.17-x86-ruby1.9.2-linux-gcc4.4.3-1002/support/lib/phusion_passenger/rack/application_spawner.rb:171:in `block in handle_spawn_application'
  /home/sidriao/.passenger/standalone/3.0.17-x86-ruby1.9.2-linux-gcc4.4.3-1002/support/lib/phusion_passenger/utils.rb:470:in `safe_fork'
  /home/sidriao/.passenger/standalone/3.0.17-x86-ruby1.9.2-linux-gcc4.4.3-1002/support/lib/phusion_passenger/rack/application_spawner.rb:166:in `handle_spawn_application'
  /home/sidriao/.passenger/standalone/3.0.17-x86-ruby1.9.2-linux-gcc4.4.3-1002/support/lib/phusion_passenger/abstract_server.rb:357:in `server_main_loop'
  /home/sidriao/.passenger/standalone/3.0.17-x86-ruby1.9.2-linux-gcc4.4.3-1002/support/lib/phusion_passenger/abstract_server.rb:206:in `start_synchronously'
  /home/sidriao/.passenger/standalone/3.0.17-x86-ruby1.9.2-linux-gcc4.4.3-1002/support/lib/phusion_passenger/abstract_server.rb:180:in `start'
  /home/sidriao/.passenger/standalone/3.0.17-x86-ruby1.9.2-linux-gcc4.4.3-1002/support/lib/phusion_passenger/rack/application_spawner.rb:129:in `start'
  /home/sidriao/.passenger/standalone/3.0.17-x86-ruby1.9.2-linux-gcc4.4.3-1002/support/lib/phusion_passenger/spawn_manager.rb:253:in `block (2 levels) in spawn_rack_application'
  /home/sidriao/.passenger/standalone/3.0.17-x86-ruby1.9.2-linux-gcc4.4.3-1002/support/lib/phusion_passenger/abstract_server_collection.rb:132:in `lookup_or_add'
  /home/sidriao/.passenger/standalone/3.0.17-x86-ruby1.9.2-linux-gcc4.4.3-1002/support/lib/phusion_passenger/spawn_manager.rb:246:in `block in spawn_rack_application'
  /home/sidriao/.passenger/standalone/3.0.17-x86-ruby1.9.2-linux-gcc4.4.3-1002/support/lib/phusion_passenger/abstract_server_collection.rb:82:in `block in synchronize'
  <internal:prelude>:10:in `synchronize'
  /home/sidriao/.passenger/standalone/3.0.17-x86-ruby1.9.2-linux-gcc4.4.3-1002/support/lib/phusion_passenger/abstract_server_collection.rb:79:in `synchronize'
  /home/sidriao/.passenger/standalone/3.0.17-x86-ruby1.9.2-linux-gcc4.4.3-1002/support/lib/phusion_passenger/spawn_manager.rb:244:in `spawn_rack_application'
  /home/sidriao/.passenger/standalone/3.0.17-x86-ruby1.9.2-linux-gcc4.4.3-1002/support/lib/phusion_passenger/spawn_manager.rb:137:in `spawn_application'
  /home/sidriao/.passenger/standalone/3.0.17-x86-ruby1.9.2-linux-gcc4.4.3-1002/support/lib/phusion_passenger/spawn_manager.rb:275:in `handle_spawn_application'
  /home/sidriao/.passenger/standalone/3.0.17-x86-ruby1.9.2-linux-gcc4.4.3-1002/support/lib/phusion_passenger/abstract_server.rb:357:in `server_main_loop'
  /home/sidriao/.passenger/standalone/3.0.17-x86-ruby1.9.2-linux-gcc4.4.3-1002/support/lib/phusion_passenger/abstract_server.rb:206:in `start_synchronously'
  /home/sidriao/.passenger/standalone/3.0.17-x86-ruby1.9.2-linux-gcc4.4.3-1002/support/helper-scripts/passenger-spawn-server:99:in `<main>'


  Rendered /home/sidriao/.rvm/gems/ruby-1.9.2-p290@loja/gems/actionpack-3.2.8/lib/action_dispatch/middleware/templates/rescues/routing_error.erb within rescues/layout (68.6ms)
