[ pid=12701 thr=68738540 file=utils.rb:176 time=2012-09-03 22:32:34.259 ]: *** Exception PhusionPassenger::UnknownError in PhusionPassenger::Rack::ApplicationSpawner (Could not find a JavaScript runtime. See https://github.com/sstephenson/execjs for a list of available runtimes. (ExecJS::RuntimeUnavailable)) (process 12701, thread #<Thread:0x831bbd8>):
	from /home/sidriao/.rvm/gems/ruby-1.9.2-p290@loja/gems/execjs-1.4.0/lib/execjs/runtimes.rb:51:in `autodetect'
	from /home/sidriao/.rvm/gems/ruby-1.9.2-p290@loja/gems/execjs-1.4.0/lib/execjs.rb:5:in `<module:ExecJS>'
	from /home/sidriao/.rvm/gems/ruby-1.9.2-p290@loja/gems/execjs-1.4.0/lib/execjs.rb:4:in `<top (required)>'
	from /home/sidriao/.rvm/gems/ruby-1.9.2-p290@loja/gems/coffee-script-2.2.0/lib/coffee_script.rb:1:in `require'
	from /home/sidriao/.rvm/gems/ruby-1.9.2-p290@loja/gems/coffee-script-2.2.0/lib/coffee_script.rb:1:in `<top (required)>'
	from /home/sidriao/.rvm/gems/ruby-1.9.2-p290@loja/gems/coffee-script-2.2.0/lib/coffee-script.rb:1:in `require'
	from /home/sidriao/.rvm/gems/ruby-1.9.2-p290@loja/gems/coffee-script-2.2.0/lib/coffee-script.rb:1:in `<top (required)>'
	from /home/sidriao/.rvm/gems/ruby-1.9.2-p290@loja/gems/coffee-rails-3.2.2/lib/coffee-rails.rb:1:in `require'
	from /home/sidriao/.rvm/gems/ruby-1.9.2-p290@loja/gems/coffee-rails-3.2.2/lib/coffee-rails.rb:1:in `<top (required)>'
	from /home/sidriao/.rvm/gems/ruby-1.9.2-p290@global/gems/bundler-1.2.0/lib/bundler/runtime.rb:68:in `require'
	from /home/sidriao/.rvm/gems/ruby-1.9.2-p290@global/gems/bundler-1.2.0/lib/bundler/runtime.rb:68:in `block (2 levels) in require'
	from /home/sidriao/.rvm/gems/ruby-1.9.2-p290@global/gems/bundler-1.2.0/lib/bundler/runtime.rb:66:in `each'
	from /home/sidriao/.rvm/gems/ruby-1.9.2-p290@global/gems/bundler-1.2.0/lib/bundler/runtime.rb:66:in `block in require'
	from /home/sidriao/.rvm/gems/ruby-1.9.2-p290@global/gems/bundler-1.2.0/lib/bundler/runtime.rb:55:in `each'
	from /home/sidriao/.rvm/gems/ruby-1.9.2-p290@global/gems/bundler-1.2.0/lib/bundler/runtime.rb:55:in `require'
	from /home/sidriao/.rvm/gems/ruby-1.9.2-p290@global/gems/bundler-1.2.0/lib/bundler.rb:128:in `require'
	from /home/sidriao/opt/RAILS/loja/config/application.rb:13:in `<top (required)>'
	from /home/sidriao/opt/RAILS/loja/config/environment.rb:2:in `require'
	from /home/sidriao/opt/RAILS/loja/config/environment.rb:2:in `<top (required)>'
	from config.ru:3:in `require'
	from config.ru:3:in `block in <main>'
	from /home/sidriao/.rvm/gems/ruby-1.9.2-p290@global/gems/rack-1.4.1/lib/rack/builder.rb:51:in `instance_eval'
	from /home/sidriao/.rvm/gems/ruby-1.9.2-p290@global/gems/rack-1.4.1/lib/rack/builder.rb:51:in `initialize'
	from config.ru:1:in `new'
	from config.ru:1:in `<main>'
	from /home/sidriao/.passenger/standalone/3.0.17-x86-ruby1.9.2-linux-gcc4.4.3-1002/support/lib/phusion_passenger/rack/application_spawner.rb:225:in `eval'
	from /home/sidriao/.passenger/standalone/3.0.17-x86-ruby1.9.2-linux-gcc4.4.3-1002/support/lib/phusion_passenger/rack/application_spawner.rb:225:in `load_rack_app'
	from /home/sidriao/.passenger/standalone/3.0.17-x86-ruby1.9.2-linux-gcc4.4.3-1002/support/lib/phusion_passenger/rack/application_spawner.rb:157:in `block in initialize_server'
	from /home/sidriao/.passenger/standalone/3.0.17-x86-ruby1.9.2-linux-gcc4.4.3-1002/support/lib/phusion_passenger/utils.rb:563:in `report_app_init_status'
	from /home/sidriao/.passenger/standalone/3.0.17-x86-ruby1.9.2-linux-gcc4.4.3-1002/support/lib/phusion_passenger/rack/application_spawner.rb:154:in `initialize_server'
	from /home/sidriao/.passenger/standalone/3.0.17-x86-ruby1.9.2-linux-gcc4.4.3-1002/support/lib/phusion_passenger/abstract_server.rb:204:in `start_synchronously'
	from /home/sidriao/.passenger/standalone/3.0.17-x86-ruby1.9.2-linux-gcc4.4.3-1002/support/lib/phusion_passenger/abstract_server.rb:180:in `start'
	from /home/sidriao/.passenger/standalone/3.0.17-x86-ruby1.9.2-linux-gcc4.4.3-1002/support/lib/phusion_passenger/rack/application_spawner.rb:129:in `start'
	from /home/sidriao/.passenger/standalone/3.0.17-x86-ruby1.9.2-linux-gcc4.4.3-1002/support/lib/phusion_passenger/spawn_manager.rb:253:in `block (2 levels) in spawn_rack_application'
	from /home/sidriao/.passenger/standalone/3.0.17-x86-ruby1.9.2-linux-gcc4.4.3-1002/support/lib/phusion_passenger/abstract_server_collection.rb:132:in `lookup_or_add'
	from /home/sidriao/.passenger/standalone/3.0.17-x86-ruby1.9.2-linux-gcc4.4.3-1002/support/lib/phusion_passenger/spawn_manager.rb:246:in `block in spawn_rack_application'
	from /home/sidriao/.passenger/standalone/3.0.17-x86-ruby1.9.2-linux-gcc4.4.3-1002/support/lib/phusion_passenger/abstract_server_collection.rb:82:in `block in synchronize'
	from <internal:prelude>:10:in `synchronize'
	from /home/sidriao/.passenger/standalone/3.0.17-x86-ruby1.9.2-linux-gcc4.4.3-1002/support/lib/phusion_passenger/abstract_server_collection.rb:79:in `synchronize'
	from /home/sidriao/.passenger/standalone/3.0.17-x86-ruby1.9.2-linux-gcc4.4.3-1002/support/lib/phusion_passenger/spawn_manager.rb:244:in `spawn_rack_application'
	from /home/sidriao/.passenger/standalone/3.0.17-x86-ruby1.9.2-linux-gcc4.4.3-1002/support/lib/phusion_passenger/spawn_manager.rb:137:in `spawn_application'
	from /home/sidriao/.passenger/standalone/3.0.17-x86-ruby1.9.2-linux-gcc4.4.3-1002/support/lib/phusion_passenger/spawn_manager.rb:275:in `handle_spawn_application'
	from /home/sidriao/.passenger/standalone/3.0.17-x86-ruby1.9.2-linux-gcc4.4.3-1002/support/lib/phusion_passenger/abstract_server.rb:357:in `server_main_loop'
	from /home/sidriao/.passenger/standalone/3.0.17-x86-ruby1.9.2-linux-gcc4.4.3-1002/support/lib/phusion_passenger/abstract_server.rb:206:in `start_synchronously'
	from /home/sidriao/.passenger/standalone/3.0.17-x86-ruby1.9.2-linux-gcc4.4.3-1002/support/helper-scripts/passenger-spawn-server:99:in `<main>'
[ pid=12699 thr=3069156208 file=ext/nginx/HelperAgent.cpp:933 time=2012-09-03 22:32:34.444 ]: Uncaught exception in PassengerServer client thread:
   exception: write() failed: Broken pipe (32)
   backtrace:
     in 'void Client::handleRequest(Passenger::FileDescriptor&)' (HelperAgent.cpp:828)
     in 'void Client::threadMain()' (HelperAgent.cpp:952)

[ pid=12816 thr=79599080 file=utils.rb:176 time=2012-09-03 22:35:01.228 ]: *** Exception PhusionPassenger::UnknownError in PhusionPassenger::Rack::ApplicationSpawner (Could not find a JavaScript runtime. See https://github.com/sstephenson/execjs for a list of available runtimes. (ExecJS::RuntimeUnavailable)) (process 12816, thread #<Thread:0x97d2bd0>):
	from /home/sidriao/.rvm/gems/ruby-1.9.2-p290@loja/gems/execjs-1.4.0/lib/execjs/runtimes.rb:51:in `autodetect'
	from /home/sidriao/.rvm/gems/ruby-1.9.2-p290@loja/gems/execjs-1.4.0/lib/execjs.rb:5:in `<module:ExecJS>'
	from /home/sidriao/.rvm/gems/ruby-1.9.2-p290@loja/gems/execjs-1.4.0/lib/execjs.rb:4:in `<top (required)>'
	from /home/sidriao/.rvm/gems/ruby-1.9.2-p290@loja/gems/coffee-script-2.2.0/lib/coffee_script.rb:1:in `require'
	from /home/sidriao/.rvm/gems/ruby-1.9.2-p290@loja/gems/coffee-script-2.2.0/lib/coffee_script.rb:1:in `<top (required)>'
	from /home/sidriao/.rvm/gems/ruby-1.9.2-p290@loja/gems/coffee-script-2.2.0/lib/coffee-script.rb:1:in `require'
	from /home/sidriao/.rvm/gems/ruby-1.9.2-p290@loja/gems/coffee-script-2.2.0/lib/coffee-script.rb:1:in `<top (required)>'
	from /home/sidriao/.rvm/gems/ruby-1.9.2-p290@loja/gems/coffee-rails-3.2.2/lib/coffee-rails.rb:1:in `require'
	from /home/sidriao/.rvm/gems/ruby-1.9.2-p290@loja/gems/coffee-rails-3.2.2/lib/coffee-rails.rb:1:in `<top (required)>'
	from /home/sidriao/.rvm/gems/ruby-1.9.2-p290@global/gems/bundler-1.2.0/lib/bundler/runtime.rb:68:in `require'
	from /home/sidriao/.rvm/gems/ruby-1.9.2-p290@global/gems/bundler-1.2.0/lib/bundler/runtime.rb:68:in `block (2 levels) in require'
	from /home/sidriao/.rvm/gems/ruby-1.9.2-p290@global/gems/bundler-1.2.0/lib/bundler/runtime.rb:66:in `each'
	from /home/sidriao/.rvm/gems/ruby-1.9.2-p290@global/gems/bundler-1.2.0/lib/bundler/runtime.rb:66:in `block in require'
	from /home/sidriao/.rvm/gems/ruby-1.9.2-p290@global/gems/bundler-1.2.0/lib/bundler/runtime.rb:55:in `each'
	from /home/sidriao/.rvm/gems/ruby-1.9.2-p290@global/gems/bundler-1.2.0/lib/bundler/runtime.rb:55:in `require'
	from /home/sidriao/.rvm/gems/ruby-1.9.2-p290@global/gems/bundler-1.2.0/lib/bundler.rb:128:in `require'
	from /home/sidriao/opt/RAILS/loja/config/application.rb:13:in `<top (required)>'
	from /home/sidriao/opt/RAILS/loja/config/environment.rb:2:in `require'
	from /home/sidriao/opt/RAILS/loja/config/environment.rb:2:in `<top (required)>'
	from config.ru:3:in `require'
	from config.ru:3:in `block in <main>'
	from /home/sidriao/.rvm/gems/ruby-1.9.2-p290@global/gems/rack-1.4.1/lib/rack/builder.rb:51:in `instance_eval'
	from /home/sidriao/.rvm/gems/ruby-1.9.2-p290@global/gems/rack-1.4.1/lib/rack/builder.rb:51:in `initialize'
	from config.ru:1:in `new'
	from config.ru:1:in `<main>'
	from /home/sidriao/.passenger/standalone/3.0.17-x86-ruby1.9.2-linux-gcc4.4.3-1002/support/lib/phusion_passenger/rack/application_spawner.rb:225:in `eval'
	from /home/sidriao/.passenger/standalone/3.0.17-x86-ruby1.9.2-linux-gcc4.4.3-1002/support/lib/phusion_passenger/rack/application_spawner.rb:225:in `load_rack_app'
	from /home/sidriao/.passenger/standalone/3.0.17-x86-ruby1.9.2-linux-gcc4.4.3-1002/support/lib/phusion_passenger/rack/application_spawner.rb:157:in `block in initialize_server'
	from /home/sidriao/.passenger/standalone/3.0.17-x86-ruby1.9.2-linux-gcc4.4.3-1002/support/lib/phusion_passenger/utils.rb:563:in `report_app_init_status'
	from /home/sidriao/.passenger/standalone/3.0.17-x86-ruby1.9.2-linux-gcc4.4.3-1002/support/lib/phusion_passenger/rack/application_spawner.rb:154:in `initialize_server'
	from /home/sidriao/.passenger/standalone/3.0.17-x86-ruby1.9.2-linux-gcc4.4.3-1002/support/lib/phusion_passenger/abstract_server.rb:204:in `start_synchronously'
	from /home/sidriao/.passenger/standalone/3.0.17-x86-ruby1.9.2-linux-gcc4.4.3-1002/support/lib/phusion_passenger/abstract_server.rb:180:in `start'
	from /home/sidriao/.passenger/standalone/3.0.17-x86-ruby1.9.2-linux-gcc4.4.3-1002/support/lib/phusion_passenger/rack/application_spawner.rb:129:in `start'
	from /home/sidriao/.passenger/standalone/3.0.17-x86-ruby1.9.2-linux-gcc4.4.3-1002/support/lib/phusion_passenger/spawn_manager.rb:253:in `block (2 levels) in spawn_rack_application'
	from /home/sidriao/.passenger/standalone/3.0.17-x86-ruby1.9.2-linux-gcc4.4.3-1002/support/lib/phusion_passenger/abstract_server_collection.rb:132:in `lookup_or_add'
	from /home/sidriao/.passenger/standalone/3.0.17-x86-ruby1.9.2-linux-gcc4.4.3-1002/support/lib/phusion_passenger/spawn_manager.rb:246:in `block in spawn_rack_application'
	from /home/sidriao/.passenger/standalone/3.0.17-x86-ruby1.9.2-linux-gcc4.4.3-1002/support/lib/phusion_passenger/abstract_server_collection.rb:82:in `block in synchronize'
	from <internal:prelude>:10:in `synchronize'
	from /home/sidriao/.passenger/standalone/3.0.17-x86-ruby1.9.2-linux-gcc4.4.3-1002/support/lib/phusion_passenger/abstract_server_collection.rb:79:in `synchronize'
	from /home/sidriao/.passenger/standalone/3.0.17-x86-ruby1.9.2-linux-gcc4.4.3-1002/support/lib/phusion_passenger/spawn_manager.rb:244:in `spawn_rack_application'
	from /home/sidriao/.passenger/standalone/3.0.17-x86-ruby1.9.2-linux-gcc4.4.3-1002/support/lib/phusion_passenger/spawn_manager.rb:137:in `spawn_application'
	from /home/sidriao/.passenger/standalone/3.0.17-x86-ruby1.9.2-linux-gcc4.4.3-1002/support/lib/phusion_passenger/spawn_manager.rb:275:in `handle_spawn_application'
	from /home/sidriao/.passenger/standalone/3.0.17-x86-ruby1.9.2-linux-gcc4.4.3-1002/support/lib/phusion_passenger/abstract_server.rb:357:in `server_main_loop'
	from /home/sidriao/.passenger/standalone/3.0.17-x86-ruby1.9.2-linux-gcc4.4.3-1002/support/lib/phusion_passenger/abstract_server.rb:206:in `start_synchronously'
	from /home/sidriao/.passenger/standalone/3.0.17-x86-ruby1.9.2-linux-gcc4.4.3-1002/support/helper-scripts/passenger-spawn-server:99:in `<main>'
[ pid=12816 thr=79599080 file=utils.rb:176 time=2012-09-03 22:35:10.454 ]: *** Exception PhusionPassenger::UnknownError in PhusionPassenger::Rack::ApplicationSpawner (Could not find a JavaScript runtime. See https://github.com/sstephenson/execjs for a list of available runtimes. (ExecJS::RuntimeUnavailable)) (process 12816, thread #<Thread:0x97d2bd0>):
	from /home/sidriao/.rvm/gems/ruby-1.9.2-p290@loja/gems/execjs-1.4.0/lib/execjs/runtimes.rb:51:in `autodetect'
	from /home/sidriao/.rvm/gems/ruby-1.9.2-p290@loja/gems/execjs-1.4.0/lib/execjs.rb:5:in `<module:ExecJS>'
	from /home/sidriao/.rvm/gems/ruby-1.9.2-p290@loja/gems/execjs-1.4.0/lib/execjs.rb:4:in `<top (required)>'
	from /home/sidriao/.rvm/gems/ruby-1.9.2-p290@loja/gems/coffee-script-2.2.0/lib/coffee_script.rb:1:in `require'
	from /home/sidriao/.rvm/gems/ruby-1.9.2-p290@loja/gems/coffee-script-2.2.0/lib/coffee_script.rb:1:in `<top (required)>'
	from /home/sidriao/.rvm/gems/ruby-1.9.2-p290@loja/gems/coffee-script-2.2.0/lib/coffee-script.rb:1:in `require'
	from /home/sidriao/.rvm/gems/ruby-1.9.2-p290@loja/gems/coffee-script-2.2.0/lib/coffee-script.rb:1:in `<top (required)>'
	from /home/sidriao/.rvm/gems/ruby-1.9.2-p290@loja/gems/coffee-rails-3.2.2/lib/coffee-rails.rb:1:in `require'
	from /home/sidriao/.rvm/gems/ruby-1.9.2-p290@loja/gems/coffee-rails-3.2.2/lib/coffee-rails.rb:1:in `<top (required)>'
	from /home/sidriao/.rvm/gems/ruby-1.9.2-p290@global/gems/bundler-1.2.0/lib/bundler/runtime.rb:68:in `require'
	from /home/sidriao/.rvm/gems/ruby-1.9.2-p290@global/gems/bundler-1.2.0/lib/bundler/runtime.rb:68:in `block (2 levels) in require'
	from /home/sidriao/.rvm/gems/ruby-1.9.2-p290@global/gems/bundler-1.2.0/lib/bundler/runtime.rb:66:in `each'
	from /home/sidriao/.rvm/gems/ruby-1.9.2-p290@global/gems/bundler-1.2.0/lib/bundler/runtime.rb:66:in `block in require'
	from /home/sidriao/.rvm/gems/ruby-1.9.2-p290@global/gems/bundler-1.2.0/lib/bundler/runtime.rb:55:in `each'
	from /home/sidriao/.rvm/gems/ruby-1.9.2-p290@global/gems/bundler-1.2.0/lib/bundler/runtime.rb:55:in `require'
	from /home/sidriao/.rvm/gems/ruby-1.9.2-p290@global/gems/bundler-1.2.0/lib/bundler.rb:128:in `require'
	from /home/sidriao/opt/RAILS/loja/config/application.rb:13:in `<top (required)>'
	from /home/sidriao/opt/RAILS/loja/config/environment.rb:2:in `require'
	from /home/sidriao/opt/RAILS/loja/config/environment.rb:2:in `<top (required)>'
	from config.ru:3:in `require'
	from config.ru:3:in `block in <main>'
	from /home/sidriao/.rvm/gems/ruby-1.9.2-p290@global/gems/rack-1.4.1/lib/rack/builder.rb:51:in `instance_eval'
	from /home/sidriao/.rvm/gems/ruby-1.9.2-p290@global/gems/rack-1.4.1/lib/rack/builder.rb:51:in `initialize'
	from config.ru:1:in `new'
	from config.ru:1:in `<main>'
	from /home/sidriao/.passenger/standalone/3.0.17-x86-ruby1.9.2-linux-gcc4.4.3-1002/support/lib/phusion_passenger/rack/application_spawner.rb:225:in `eval'
	from /home/sidriao/.passenger/standalone/3.0.17-x86-ruby1.9.2-linux-gcc4.4.3-1002/support/lib/phusion_passenger/rack/application_spawner.rb:225:in `load_rack_app'
	from /home/sidriao/.passenger/standalone/3.0.17-x86-ruby1.9.2-linux-gcc4.4.3-1002/support/lib/phusion_passenger/rack/application_spawner.rb:157:in `block in initialize_server'
	from /home/sidriao/.passenger/standalone/3.0.17-x86-ruby1.9.2-linux-gcc4.4.3-1002/support/lib/phusion_passenger/utils.rb:563:in `report_app_init_status'
	from /home/sidriao/.passenger/standalone/3.0.17-x86-ruby1.9.2-linux-gcc4.4.3-1002/support/lib/phusion_passenger/rack/application_spawner.rb:154:in `initialize_server'
	from /home/sidriao/.passenger/standalone/3.0.17-x86-ruby1.9.2-linux-gcc4.4.3-1002/support/lib/phusion_passenger/abstract_server.rb:204:in `start_synchronously'
	from /home/sidriao/.passenger/standalone/3.0.17-x86-ruby1.9.2-linux-gcc4.4.3-1002/support/lib/phusion_passenger/abstract_server.rb:180:in `start'
	from /home/sidriao/.passenger/standalone/3.0.17-x86-ruby1.9.2-linux-gcc4.4.3-1002/support/lib/phusion_passenger/rack/application_spawner.rb:129:in `start'
	from /home/sidriao/.passenger/standalone/3.0.17-x86-ruby1.9.2-linux-gcc4.4.3-1002/support/lib/phusion_passenger/spawn_manager.rb:253:in `block (2 levels) in spawn_rack_application'
	from /home/sidriao/.passenger/standalone/3.0.17-x86-ruby1.9.2-linux-gcc4.4.3-1002/support/lib/phusion_passenger/abstract_server_collection.rb:132:in `lookup_or_add'
	from /home/sidriao/.passenger/standalone/3.0.17-x86-ruby1.9.2-linux-gcc4.4.3-1002/support/lib/phusion_passenger/spawn_manager.rb:246:in `block in spawn_rack_application'
	from /home/sidriao/.passenger/standalone/3.0.17-x86-ruby1.9.2-linux-gcc4.4.3-1002/support/lib/phusion_passenger/abstract_server_collection.rb:82:in `block in synchronize'
	from <internal:prelude>:10:in `synchronize'
	from /home/sidriao/.passenger/standalone/3.0.17-x86-ruby1.9.2-linux-gcc4.4.3-1002/support/lib/phusion_passenger/abstract_server_collection.rb:79:in `synchronize'
	from /home/sidriao/.passenger/standalone/3.0.17-x86-ruby1.9.2-linux-gcc4.4.3-1002/support/lib/phusion_passenger/spawn_manager.rb:244:in `spawn_rack_application'
	from /home/sidriao/.passenger/standalone/3.0.17-x86-ruby1.9.2-linux-gcc4.4.3-1002/support/lib/phusion_passenger/spawn_manager.rb:137:in `spawn_application'
	from /home/sidriao/.passenger/standalone/3.0.17-x86-ruby1.9.2-linux-gcc4.4.3-1002/support/lib/phusion_passenger/spawn_manager.rb:275:in `handle_spawn_application'
	from /home/sidriao/.passenger/standalone/3.0.17-x86-ruby1.9.2-linux-gcc4.4.3-1002/support/lib/phusion_passenger/abstract_server.rb:357:in `server_main_loop'
	from /home/sidriao/.passenger/standalone/3.0.17-x86-ruby1.9.2-linux-gcc4.4.3-1002/support/lib/phusion_passenger/abstract_server.rb:206:in `start_synchronously'
	from /home/sidriao/.passenger/standalone/3.0.17-x86-ruby1.9.2-linux-gcc4.4.3-1002/support/helper-scripts/passenger-spawn-server:99:in `<main>'
[ pid=13051 thr=70192620 file=utils.rb:176 time=2012-09-03 22:37:15.170 ]: *** Exception LoadError in PhusionPassenger::Rack::ApplicationSpawner (Please install the sqlite3 adapter: `gem install activerecord-sqlite3-adapter` (sqlite3 is not part of the bundle. Add it to Gemfile.)) (process 13051, thread #<Thread:0x85e1bd8>):
	from /home/sidriao/.rvm/gems/ruby-1.9.2-p290@global/gems/bundler-1.2.0/lib/bundler/rubygems_integration.rb:147:in `block in replace_gem'
	from /home/sidriao/.rvm/gems/ruby-1.9.2-p290@loja/gems/activerecord-3.2.8/lib/active_record/connection_adapters/sqlite3_adapter.rb:3:in `<top (required)>'
	from /home/sidriao/.rvm/gems/ruby-1.9.2-p290@loja/gems/activesupport-3.2.8/lib/active_support/dependencies.rb:251:in `require'
	from /home/sidriao/.rvm/gems/ruby-1.9.2-p290@loja/gems/activesupport-3.2.8/lib/active_support/dependencies.rb:251:in `block in require'
	from /home/sidriao/.rvm/gems/ruby-1.9.2-p290@loja/gems/activesupport-3.2.8/lib/active_support/dependencies.rb:236:in `load_dependency'
	from /home/sidriao/.rvm/gems/ruby-1.9.2-p290@loja/gems/activesupport-3.2.8/lib/active_support/dependencies.rb:251:in `require'
	from /home/sidriao/.rvm/gems/ruby-1.9.2-p290@loja/gems/activerecord-3.2.8/lib/active_record/connection_adapters/abstract/connection_specification.rb:50:in `resolve_hash_connection'
	from /home/sidriao/.rvm/gems/ruby-1.9.2-p290@loja/gems/activerecord-3.2.8/lib/active_record/connection_adapters/abstract/connection_specification.rb:41:in `resolve_string_connection'
	from /home/sidriao/.rvm/gems/ruby-1.9.2-p290@loja/gems/activerecord-3.2.8/lib/active_record/connection_adapters/abstract/connection_specification.rb:25:in `spec'
	from /home/sidriao/.rvm/gems/ruby-1.9.2-p290@loja/gems/activerecord-3.2.8/lib/active_record/connection_adapters/abstract/connection_specification.rb:129:in `establish_connection'
	from /home/sidriao/.rvm/gems/ruby-1.9.2-p290@loja/gems/activerecord-3.2.8/lib/active_record/railtie.rb:82:in `block (2 levels) in <class:Railtie>'
	from /home/sidriao/.rvm/gems/ruby-1.9.2-p290@loja/gems/activesupport-3.2.8/lib/active_support/lazy_load_hooks.rb:36:in `instance_eval'
	from /home/sidriao/.rvm/gems/ruby-1.9.2-p290@loja/gems/activesupport-3.2.8/lib/active_support/lazy_load_hooks.rb:36:in `execute_hook'
	from /home/sidriao/.rvm/gems/ruby-1.9.2-p290@loja/gems/activesupport-3.2.8/lib/active_support/lazy_load_hooks.rb:26:in `block in on_load'
	from /home/sidriao/.rvm/gems/ruby-1.9.2-p290@loja/gems/activesupport-3.2.8/lib/active_support/lazy_load_hooks.rb:25:in `each'
	from /home/sidriao/.rvm/gems/ruby-1.9.2-p290@loja/gems/activesupport-3.2.8/lib/active_support/lazy_load_hooks.rb:25:in `on_load'
	from /home/sidriao/.rvm/gems/ruby-1.9.2-p290@loja/gems/activerecord-3.2.8/lib/active_record/railtie.rb:74:in `block in <class:Railtie>'
	from /home/sidriao/.rvm/gems/ruby-1.9.2-p290@loja/gems/railties-3.2.8/lib/rails/initializable.rb:30:in `instance_exec'
	from /home/sidriao/.rvm/gems/ruby-1.9.2-p290@loja/gems/railties-3.2.8/lib/rails/initializable.rb:30:in `run'
	from /home/sidriao/.rvm/gems/ruby-1.9.2-p290@loja/gems/railties-3.2.8/lib/rails/initializable.rb:55:in `block in run_initializers'
	from /home/sidriao/.rvm/gems/ruby-1.9.2-p290@loja/gems/railties-3.2.8/lib/rails/initializable.rb:54:in `each'
	from /home/sidriao/.rvm/gems/ruby-1.9.2-p290@loja/gems/railties-3.2.8/lib/rails/initializable.rb:54:in `run_initializers'
	from /home/sidriao/.rvm/gems/ruby-1.9.2-p290@loja/gems/railties-3.2.8/lib/rails/application.rb:136:in `initialize!'
	from /home/sidriao/.rvm/gems/ruby-1.9.2-p290@loja/gems/railties-3.2.8/lib/rails/railtie/configurable.rb:30:in `method_missing'
	from /home/sidriao/opt/RAILS/loja/config/environment.rb:5:in `<top (required)>'
	from config.ru:3:in `require'
	from config.ru:3:in `block in <main>'
	from /home/sidriao/.rvm/gems/ruby-1.9.2-p290@global/gems/rack-1.4.1/lib/rack/builder.rb:51:in `instance_eval'
	from /home/sidriao/.rvm/gems/ruby-1.9.2-p290@global/gems/rack-1.4.1/lib/rack/builder.rb:51:in `initialize'
	from config.ru:1:in `new'
	from config.ru:1:in `<main>'
	from /home/sidriao/.passenger/standalone/3.0.17-x86-ruby1.9.2-linux-gcc4.4.3-1002/support/lib/phusion_passenger/rack/application_spawner.rb:225:in `eval'
	from /home/sidriao/.passenger/standalone/3.0.17-x86-ruby1.9.2-linux-gcc4.4.3-1002/support/lib/phusion_passenger/rack/application_spawner.rb:225:in `load_rack_app'
	from /home/sidriao/.passenger/standalone/3.0.17-x86-ruby1.9.2-linux-gcc4.4.3-1002/support/lib/phusion_passenger/rack/application_spawner.rb:157:in `block in initialize_server'
	from /home/sidriao/.passenger/standalone/3.0.17-x86-ruby1.9.2-linux-gcc4.4.3-1002/support/lib/phusion_passenger/utils.rb:563:in `report_app_init_status'
	from /home/sidriao/.passenger/standalone/3.0.17-x86-ruby1.9.2-linux-gcc4.4.3-1002/support/lib/phusion_passenger/rack/application_spawner.rb:154:in `initialize_server'
	from /home/sidriao/.passenger/standalone/3.0.17-x86-ruby1.9.2-linux-gcc4.4.3-1002/support/lib/phusion_passenger/abstract_server.rb:204:in `start_synchronously'
	from /home/sidriao/.passenger/standalone/3.0.17-x86-ruby1.9.2-linux-gcc4.4.3-1002/support/lib/phusion_passenger/abstract_server.rb:180:in `start'
	from /home/sidriao/.passenger/standalone/3.0.17-x86-ruby1.9.2-linux-gcc4.4.3-1002/support/lib/phusion_passenger/rack/application_spawner.rb:129:in `start'
	from /home/sidriao/.passenger/standalone/3.0.17-x86-ruby1.9.2-linux-gcc4.4.3-1002/support/lib/phusion_passenger/spawn_manager.rb:253:in `block (2 levels) in spawn_rack_application'
	from /home/sidriao/.passenger/standalone/3.0.17-x86-ruby1.9.2-linux-gcc4.4.3-1002/support/lib/phusion_passenger/abstract_server_collection.rb:132:in `lookup_or_add'
	from /home/sidriao/.passenger/standalone/3.0.17-x86-ruby1.9.2-linux-gcc4.4.3-1002/support/lib/phusion_passenger/spawn_manager.rb:246:in `block in spawn_rack_application'
	from /home/sidriao/.passenger/standalone/3.0.17-x86-ruby1.9.2-linux-gcc4.4.3-1002/support/lib/phusion_passenger/abstract_server_collection.rb:82:in `block in synchronize'
	from <internal:prelude>:10:in `synchronize'
	from /home/sidriao/.passenger/standalone/3.0.17-x86-ruby1.9.2-linux-gcc4.4.3-1002/support/lib/phusion_passenger/abstract_server_collection.rb:79:in `synchronize'
	from /home/sidriao/.passenger/standalone/3.0.17-x86-ruby1.9.2-linux-gcc4.4.3-1002/support/lib/phusion_passenger/spawn_manager.rb:244:in `spawn_rack_application'
	from /home/sidriao/.passenger/standalone/3.0.17-x86-ruby1.9.2-linux-gcc4.4.3-1002/support/lib/phusion_passenger/spawn_manager.rb:137:in `spawn_application'
	from /home/sidriao/.passenger/standalone/3.0.17-x86-ruby1.9.2-linux-gcc4.4.3-1002/support/lib/phusion_passenger/spawn_manager.rb:275:in `handle_spawn_application'
	from /home/sidriao/.passenger/standalone/3.0.17-x86-ruby1.9.2-linux-gcc4.4.3-1002/support/lib/phusion_passenger/abstract_server.rb:357:in `server_main_loop'
	from /home/sidriao/.passenger/standalone/3.0.17-x86-ruby1.9.2-linux-gcc4.4.3-1002/support/lib/phusion_passenger/abstract_server.rb:206:in `start_synchronously'
	from /home/sidriao/.passenger/standalone/3.0.17-x86-ruby1.9.2-linux-gcc4.4.3-1002/support/helper-scripts/passenger-spawn-server:99:in `<main>'
[ pid=13051 thr=70192620 file=utils.rb:176 time=2012-09-03 22:37:28.400 ]: *** Exception LoadError in PhusionPassenger::Rack::ApplicationSpawner (Please install the sqlite3 adapter: `gem install activerecord-sqlite3-adapter` (sqlite3 is not part of the bundle. Add it to Gemfile.)) (process 13051, thread #<Thread:0x85e1bd8>):
	from /home/sidriao/.rvm/gems/ruby-1.9.2-p290@global/gems/bundler-1.2.0/lib/bundler/rubygems_integration.rb:147:in `block in replace_gem'
	from /home/sidriao/.rvm/gems/ruby-1.9.2-p290@loja/gems/activerecord-3.2.8/lib/active_record/connection_adapters/sqlite3_adapter.rb:3:in `<top (required)>'
	from /home/sidriao/.rvm/gems/ruby-1.9.2-p290@loja/gems/activesupport-3.2.8/lib/active_support/dependencies.rb:251:in `require'
	from /home/sidriao/.rvm/gems/ruby-1.9.2-p290@loja/gems/activesupport-3.2.8/lib/active_support/dependencies.rb:251:in `block in require'
	from /home/sidriao/.rvm/gems/ruby-1.9.2-p290@loja/gems/activesupport-3.2.8/lib/active_support/dependencies.rb:236:in `load_dependency'
	from /home/sidriao/.rvm/gems/ruby-1.9.2-p290@loja/gems/activesupport-3.2.8/lib/active_support/dependencies.rb:251:in `require'
	from /home/sidriao/.rvm/gems/ruby-1.9.2-p290@loja/gems/activerecord-3.2.8/lib/active_record/connection_adapters/abstract/connection_specification.rb:50:in `resolve_hash_connection'
	from /home/sidriao/.rvm/gems/ruby-1.9.2-p290@loja/gems/activerecord-3.2.8/lib/active_record/connection_adapters/abstract/connection_specification.rb:41:in `resolve_string_connection'
	from /home/sidriao/.rvm/gems/ruby-1.9.2-p290@loja/gems/activerecord-3.2.8/lib/active_record/connection_adapters/abstract/connection_specification.rb:25:in `spec'
	from /home/sidriao/.rvm/gems/ruby-1.9.2-p290@loja/gems/activerecord-3.2.8/lib/active_record/connection_adapters/abstract/connection_specification.rb:129:in `establish_connection'
	from /home/sidriao/.rvm/gems/ruby-1.9.2-p290@loja/gems/activerecord-3.2.8/lib/active_record/railtie.rb:82:in `block (2 levels) in <class:Railtie>'
	from /home/sidriao/.rvm/gems/ruby-1.9.2-p290@loja/gems/activesupport-3.2.8/lib/active_support/lazy_load_hooks.rb:36:in `instance_eval'
	from /home/sidriao/.rvm/gems/ruby-1.9.2-p290@loja/gems/activesupport-3.2.8/lib/active_support/lazy_load_hooks.rb:36:in `execute_hook'
	from /home/sidriao/.rvm/gems/ruby-1.9.2-p290@loja/gems/activesupport-3.2.8/lib/active_support/lazy_load_hooks.rb:26:in `block in on_load'
	from /home/sidriao/.rvm/gems/ruby-1.9.2-p290@loja/gems/activesupport-3.2.8/lib/active_support/lazy_load_hooks.rb:25:in `each'
	from /home/sidriao/.rvm/gems/ruby-1.9.2-p290@loja/gems/activesupport-3.2.8/lib/active_support/lazy_load_hooks.rb:25:in `on_load'
	from /home/sidriao/.rvm/gems/ruby-1.9.2-p290@loja/gems/activerecord-3.2.8/lib/active_record/railtie.rb:74:in `block in <class:Railtie>'
	from /home/sidriao/.rvm/gems/ruby-1.9.2-p290@loja/gems/railties-3.2.8/lib/rails/initializable.rb:30:in `instance_exec'
	from /home/sidriao/.rvm/gems/ruby-1.9.2-p290@loja/gems/railties-3.2.8/lib/rails/initializable.rb:30:in `run'
	from /home/sidriao/.rvm/gems/ruby-1.9.2-p290@loja/gems/railties-3.2.8/lib/rails/initializable.rb:55:in `block in run_initializers'
	from /home/sidriao/.rvm/gems/ruby-1.9.2-p290@loja/gems/railties-3.2.8/lib/rails/initializable.rb:54:in `each'
	from /home/sidriao/.rvm/gems/ruby-1.9.2-p290@loja/gems/railties-3.2.8/lib/rails/initializable.rb:54:in `run_initializers'
	from /home/sidriao/.rvm/gems/ruby-1.9.2-p290@loja/gems/railties-3.2.8/lib/rails/application.rb:136:in `initialize!'
	from /home/sidriao/.rvm/gems/ruby-1.9.2-p290@loja/gems/railties-3.2.8/lib/rails/railtie/configurable.rb:30:in `method_missing'
	from /home/sidriao/opt/RAILS/loja/config/environment.rb:5:in `<top (required)>'
	from config.ru:3:in `require'
	from config.ru:3:in `block in <main>'
	from /home/sidriao/.rvm/gems/ruby-1.9.2-p290@global/gems/rack-1.4.1/lib/rack/builder.rb:51:in `instance_eval'
	from /home/sidriao/.rvm/gems/ruby-1.9.2-p290@global/gems/rack-1.4.1/lib/rack/builder.rb:51:in `initialize'
	from config.ru:1:in `new'
	from config.ru:1:in `<main>'
	from /home/sidriao/.passenger/standalone/3.0.17-x86-ruby1.9.2-linux-gcc4.4.3-1002/support/lib/phusion_passenger/rack/application_spawner.rb:225:in `eval'
	from /home/sidriao/.passenger/standalone/3.0.17-x86-ruby1.9.2-linux-gcc4.4.3-1002/support/lib/phusion_passenger/rack/application_spawner.rb:225:in `load_rack_app'
	from /home/sidriao/.passenger/standalone/3.0.17-x86-ruby1.9.2-linux-gcc4.4.3-1002/support/lib/phusion_passenger/rack/application_spawner.rb:157:in `block in initialize_server'
	from /home/sidriao/.passenger/standalone/3.0.17-x86-ruby1.9.2-linux-gcc4.4.3-1002/support/lib/phusion_passenger/utils.rb:563:in `report_app_init_status'
	from /home/sidriao/.passenger/standalone/3.0.17-x86-ruby1.9.2-linux-gcc4.4.3-1002/support/lib/phusion_passenger/rack/application_spawner.rb:154:in `initialize_server'
	from /home/sidriao/.passenger/standalone/3.0.17-x86-ruby1.9.2-linux-gcc4.4.3-1002/support/lib/phusion_passenger/abstract_server.rb:204:in `start_synchronously'
	from /home/sidriao/.passenger/standalone/3.0.17-x86-ruby1.9.2-linux-gcc4.4.3-1002/support/lib/phusion_passenger/abstract_server.rb:180:in `start'
	from /home/sidriao/.passenger/standalone/3.0.17-x86-ruby1.9.2-linux-gcc4.4.3-1002/support/lib/phusion_passenger/rack/application_spawner.rb:129:in `start'
	from /home/sidriao/.passenger/standalone/3.0.17-x86-ruby1.9.2-linux-gcc4.4.3-1002/support/lib/phusion_passenger/spawn_manager.rb:253:in `block (2 levels) in spawn_rack_application'
	from /home/sidriao/.passenger/standalone/3.0.17-x86-ruby1.9.2-linux-gcc4.4.3-1002/support/lib/phusion_passenger/abstract_server_collection.rb:132:in `lookup_or_add'
	from /home/sidriao/.passenger/standalone/3.0.17-x86-ruby1.9.2-linux-gcc4.4.3-1002/support/lib/phusion_passenger/spawn_manager.rb:246:in `block in spawn_rack_application'
	from /home/sidriao/.passenger/standalone/3.0.17-x86-ruby1.9.2-linux-gcc4.4.3-1002/support/lib/phusion_passenger/abstract_server_collection.rb:82:in `block in synchronize'
	from <internal:prelude>:10:in `synchronize'
	from /home/sidriao/.passenger/standalone/3.0.17-x86-ruby1.9.2-linux-gcc4.4.3-1002/support/lib/phusion_passenger/abstract_server_collection.rb:79:in `synchronize'
	from /home/sidriao/.passenger/standalone/3.0.17-x86-ruby1.9.2-linux-gcc4.4.3-1002/support/lib/phusion_passenger/spawn_manager.rb:244:in `spawn_rack_application'
	from /home/sidriao/.passenger/standalone/3.0.17-x86-ruby1.9.2-linux-gcc4.4.3-1002/support/lib/phusion_passenger/spawn_manager.rb:137:in `spawn_application'
	from /home/sidriao/.passenger/standalone/3.0.17-x86-ruby1.9.2-linux-gcc4.4.3-1002/support/lib/phusion_passenger/spawn_manager.rb:275:in `handle_spawn_application'
	from /home/sidriao/.passenger/standalone/3.0.17-x86-ruby1.9.2-linux-gcc4.4.3-1002/support/lib/phusion_passenger/abstract_server.rb:357:in `server_main_loop'
	from /home/sidriao/.passenger/standalone/3.0.17-x86-ruby1.9.2-linux-gcc4.4.3-1002/support/lib/phusion_passenger/abstract_server.rb:206:in `start_synchronously'
	from /home/sidriao/.passenger/standalone/3.0.17-x86-ruby1.9.2-linux-gcc4.4.3-1002/support/helper-scripts/passenger-spawn-server:99:in `<main>'
[ pid=13213 thr=3069283184 file=ext/nginx/HelperAgent.cpp:923 time=2012-09-03 22:44:14.657 ]: Couldn't forward the HTTP response back to the HTTP client: It seems the user clicked on the 'Stop' button in his browser.
[ pid=14170 thr=3068902256 file=ext/nginx/HelperAgent.cpp:923 time=2012-09-03 23:05:01.650 ]: Couldn't forward the HTTP response back to the HTTP client: It seems the user clicked on the 'Stop' button in his browser.
